Using pre-set license
Built from '2020.3/staging' branch; Version is '2020.3.18f1 (a7d1c678663c) revision 10998214'; Using compiler version '192528614'; Build Type 'Release'
OS: 'Windows 10 Education; OS build 19044.1645; Version 2009; 64bit' Language: 'ko' Physical Memory: 16318 MB
BatchMode: 1, IsHumanControllingUs: 0, StartBugReporterOnCrash: 0, Is64bit: 1, IsPro: 0

COMMAND LINE ARGUMENTS:
C:\Program Files\Unity\Hub\Editor\2020.3.0f1\2020.3.18f1\Editor\Unity.exe
-adb2
-batchMode
-noUpm
-name
AssetImportWorker0
-projectPath
C:/Users/Administrator/Desktop/Unity-Class/Class
-logFile
Logs/AssetImportWorker0.log
-srvPort
57654
Successfully changed project path to: C:/Users/Administrator/Desktop/Unity-Class/Class
C:/Users/Administrator/Desktop/Unity-Class/Class
Using Asset Import Pipeline V2.
Refreshing native plugins compatible for Editor in 23.84 ms, found 2 plugins.
Preloading 0 native plugins for Editor in 0.00 ms.
Initialize engine version: 2020.3.18f1 (a7d1c678663c)
[Subsystems] Discovering subsystems at path C:/Program Files/Unity/Hub/Editor/2020.3.0f1/2020.3.18f1/Editor/Data/Resources/UnitySubsystems
[Subsystems] Discovering subsystems at path C:/Users/Administrator/Desktop/Unity-Class/Class/Assets
GfxDevice: creating device client; threaded=0
Direct3D:
    Version:  Direct3D 11.0 [level 11.1]
    Renderer: NVIDIA GeForce GTX 1060 6GB (ID=0x1b83)
    Vendor:   
    VRAM:     6052 MB
    Driver:   27.21.14.5671
Initialize mono
Mono path[0] = 'C:/Program Files/Unity/Hub/Editor/2020.3.0f1/2020.3.18f1/Editor/Data/Managed'
Mono path[1] = 'C:/Program Files/Unity/Hub/Editor/2020.3.0f1/2020.3.18f1/Editor/Data/MonoBleedingEdge/lib/mono/unityjit'
Mono config path = 'C:/Program Files/Unity/Hub/Editor/2020.3.0f1/2020.3.18f1/Editor/Data/MonoBleedingEdge/etc'
Using monoOptions --debugger-agent=transport=dt_socket,embedding=1,server=y,suspend=n,address=127.0.0.1:56168
Begin MonoManager ReloadAssembly
Registering precompiled unity dll's ...
Register platform support module: C:/Program Files/Unity/Hub/Editor/2020.3.0f1/2020.3.18f1/Editor/Data/PlaybackEngines/WindowsStandaloneSupport/UnityEditor.WindowsStandalone.Extensions.dll
Registered in 0.144253 seconds.
Native extension for WindowsStandalone target not found
Refreshing native plugins compatible for Editor in 24.43 ms, found 2 plugins.
Preloading 0 native plugins for Editor in 0.00 ms.
Mono: successfully reloaded assembly
- Completed reload, in  4.909 seconds
Domain Reload Profiling:
	ReloadAssembly (4910ms)
		BeginReloadAssembly (2398ms)
			ExecutionOrderSort (0ms)
			DisableScriptedObjects (0ms)
			BackupInstance (0ms)
			ReleaseScriptingObjects (0ms)
			CreateAndSetChildDomain (1ms)
		EndReloadAssembly (1057ms)
			LoadAssemblies (2400ms)
			RebuildTransferFunctionScriptingTraits (0ms)
			SetupTypeCache (830ms)
			ReleaseScriptCaches (0ms)
			RebuildScriptCaches (25ms)
			SetupLoadedEditorAssemblies (131ms)
				LogAssemblyErrors (0ms)
				InitializePlatformSupportModulesInManaged (3ms)
				SetLoadedEditorAssemblies (0ms)
				RefreshPlugins (24ms)
				BeforeProcessingInitializeOnLoad (12ms)
				ProcessInitializeOnLoadAttributes (65ms)
				ProcessInitializeOnLoadMethodAttributes (26ms)
				AfterProcessingInitializeOnLoad (0ms)
				EditorAssembliesLoaded (0ms)
			ExecutionOrderSort2 (0ms)
			AwakeInstancesAfterBackupRestoration (0ms)
Platform modules already initialized, skipping
Registering precompiled user dll's ...
Registered in 0.444999 seconds.
Begin MonoManager ReloadAssembly
Native extension for WindowsStandalone target not found
Refreshing native plugins compatible for Editor in 0.29 ms, found 2 plugins.
Preloading 0 native plugins for Editor in 0.00 ms.
Mono: successfully reloaded assembly
- Completed reload, in  2.229 seconds
Domain Reload Profiling:
	ReloadAssembly (2230ms)
		BeginReloadAssembly (119ms)
			ExecutionOrderSort (0ms)
			DisableScriptedObjects (4ms)
			BackupInstance (0ms)
			ReleaseScriptingObjects (0ms)
			CreateAndSetChildDomain (15ms)
		EndReloadAssembly (2060ms)
			LoadAssemblies (737ms)
			RebuildTransferFunctionScriptingTraits (0ms)
			SetupTypeCache (776ms)
			ReleaseScriptCaches (0ms)
			RebuildScriptCaches (36ms)
			SetupLoadedEditorAssemblies (426ms)
				LogAssemblyErrors (0ms)
				InitializePlatformSupportModulesInManaged (4ms)
				SetLoadedEditorAssemblies (0ms)
				RefreshPlugins (0ms)
				BeforeProcessingInitializeOnLoad (65ms)
				ProcessInitializeOnLoadAttributes (347ms)
				ProcessInitializeOnLoadMethodAttributes (4ms)
				AfterProcessingInitializeOnLoad (5ms)
				EditorAssembliesLoaded (0ms)
			ExecutionOrderSort2 (0ms)
			AwakeInstancesAfterBackupRestoration (7ms)
Platform modules already initialized, skipping
========================================================================
Worker process is ready to serve import requests
Launched and connected shader compiler UnityShaderCompiler.exe after 0.05 seconds
Refreshing native plugins compatible for Editor in 0.27 ms, found 2 plugins.
Preloading 0 native plugins for Editor in 0.00 ms.
Unloading 1400 Unused Serialized files (Serialized files now loaded: 0)
System memory in use before: 78.8 MB.
System memory in use after: 78.9 MB.

Unloading 15 unused Assets to reduce memory usage. Loaded Objects now: 1856.
Total: 2.646800 ms (FindLiveObjects: 0.113200 ms CreateObjectMapping: 0.033900 ms MarkObjects: 2.482300 ms  DeleteObjects: 0.016200 ms)

AssetImportParameters requested are different than current active one (requested -> active):
  custom:framework-win-MediaFoundation: 216162199b28c13a410421893ffa2e32 -> 
  custom:video-decoder-ogg-theora: a1e56fd34408186e4bbccfd4996cb3dc -> 
  custom:container-muxer-webm: aa71ff27fc2769a1b78a27578f13a17b -> 
  custom:container-demuxer-webm: 4f35f7cbe854078d1ac9338744f61a02 -> 
  custom:container-demuxer-ogg: 62fdf1f143b41e24485cea50d1cbac27 -> 
  custom:video-encoder-webm-vp8: eb34c28f22e8b96e1ab97ce403110664 -> 
  custom:video-decoder-webm-vp8: 9c59270c3fd7afecdb556c50c9e8de78 -> 
  custom:audio-decoder-ogg-vorbis: bf7c407c2cedff20999df2af8eb42d56 -> 
  custom:audio-encoder-webm-vorbis: bf7c407c2cedff20999df2af8eb42d56 -> 
========================================================================
Received Prepare
Registering precompiled user dll's ...
Registered in 0.001908 seconds.
Begin MonoManager ReloadAssembly
Native extension for WindowsStandalone target not found
Refreshing native plugins compatible for Editor in 0.28 ms, found 2 plugins.
Preloading 0 native plugins for Editor in 0.00 ms.
Mono: successfully reloaded assembly
- Completed reload, in  1.083 seconds
Domain Reload Profiling:
	ReloadAssembly (1084ms)
		BeginReloadAssembly (87ms)
			ExecutionOrderSort (0ms)
			DisableScriptedObjects (4ms)
			BackupInstance (0ms)
			ReleaseScriptingObjects (0ms)
			CreateAndSetChildDomain (26ms)
		EndReloadAssembly (945ms)
			LoadAssemblies (67ms)
			RebuildTransferFunctionScriptingTraits (0ms)
			SetupTypeCache (220ms)
			ReleaseScriptCaches (1ms)
			RebuildScriptCaches (32ms)
			SetupLoadedEditorAssemblies (539ms)
				LogAssemblyErrors (0ms)
				InitializePlatformSupportModulesInManaged (4ms)
				SetLoadedEditorAssemblies (0ms)
				RefreshPlugins (0ms)
				BeforeProcessingInitializeOnLoad (57ms)
				ProcessInitializeOnLoadAttributes (468ms)
				ProcessInitializeOnLoadMethodAttributes (3ms)
				AfterProcessingInitializeOnLoad (5ms)
				EditorAssembliesLoaded (0ms)
			ExecutionOrderSort2 (0ms)
			AwakeInstancesAfterBackupRestoration (7ms)
Platform modules already initialized, skipping
Refreshing native plugins compatible for Editor in 0.34 ms, found 2 plugins.
Preloading 0 native plugins for Editor in 0.00 ms.
Unloading 1394 Unused Serialized files (Serialized files now loaded: 0)
System memory in use before: 78.7 MB.
System memory in use after: 78.8 MB.

Unloading 11 unused Assets to reduce memory usage. Loaded Objects now: 1858.
Total: 2.250900 ms (FindLiveObjects: 0.132500 ms CreateObjectMapping: 0.038600 ms MarkObjects: 2.066800 ms  DeleteObjects: 0.012200 ms)

AssetImportParameters requested are different than current active one (requested -> active):
  custom:framework-win-MediaFoundation: 216162199b28c13a410421893ffa2e32 -> 
  custom:video-decoder-ogg-theora: a1e56fd34408186e4bbccfd4996cb3dc -> 
  custom:container-muxer-webm: aa71ff27fc2769a1b78a27578f13a17b -> 
  custom:container-demuxer-webm: 4f35f7cbe854078d1ac9338744f61a02 -> 
  custom:container-demuxer-ogg: 62fdf1f143b41e24485cea50d1cbac27 -> 
  custom:video-encoder-webm-vp8: eb34c28f22e8b96e1ab97ce403110664 -> 
  custom:video-decoder-webm-vp8: 9c59270c3fd7afecdb556c50c9e8de78 -> 
  custom:audio-decoder-ogg-vorbis: bf7c407c2cedff20999df2af8eb42d56 -> 
  custom:audio-encoder-webm-vorbis: bf7c407c2cedff20999df2af8eb42d56 -> 
========================================================================
Received Import Request.
  path: Assets/Animater blendtree/Script/BlendTree.cs
  artifactKey: Guid(c9ffbc279ec3ff44e9d8def312886aa1) Importer(815301076,1909f56bfc062723c751e8b465ee728b)
Start importing Assets/Animater blendtree/Script/BlendTree.cs using Guid(c9ffbc279ec3ff44e9d8def312886aa1) Importer(815301076,1909f56bfc062723c751e8b465ee728b)  -> (artifact id: '7fcf9d412d94152510b645167b70e14b') in 0.671394 seconds 
  Import took 0.677297 seconds .

========================================================================
Received Prepare
Registering precompiled user dll's ...
Registered in 0.001959 seconds.
Begin MonoManager ReloadAssembly
Native extension for WindowsStandalone target not found
Refreshing native plugins compatible for Editor in 0.26 ms, found 2 plugins.
Preloading 0 native plugins for Editor in 0.00 ms.
Mono: successfully reloaded assembly
- Completed reload, in  0.802 seconds
Domain Reload Profiling:
	ReloadAssembly (803ms)
		BeginReloadAssembly (98ms)
			ExecutionOrderSort (0ms)
			DisableScriptedObjects (4ms)
			BackupInstance (0ms)
			ReleaseScriptingObjects (0ms)
			CreateAndSetChildDomain (28ms)
		EndReloadAssembly (639ms)
			LoadAssemblies (76ms)
			RebuildTransferFunctionScriptingTraits (0ms)
			SetupTypeCache (223ms)
			ReleaseScriptCaches (1ms)
			RebuildScriptCaches (32ms)
			SetupLoadedEditorAssemblies (230ms)
				LogAssemblyErrors (0ms)
				InitializePlatformSupportModulesInManaged (4ms)
				SetLoadedEditorAssemblies (0ms)
				RefreshPlugins (0ms)
				BeforeProcessingInitializeOnLoad (59ms)
				ProcessInitializeOnLoadAttributes (158ms)
				ProcessInitializeOnLoadMethodAttributes (3ms)
				AfterProcessingInitializeOnLoad (5ms)
				EditorAssembliesLoaded (0ms)
			ExecutionOrderSort2 (0ms)
			AwakeInstancesAfterBackupRestoration (5ms)
Platform modules already initialized, skipping
Refreshing native plugins compatible for Editor in 0.27 ms, found 2 plugins.
Preloading 0 native plugins for Editor in 0.00 ms.
Unloading 1393 Unused Serialized files (Serialized files now loaded: 0)
System memory in use before: 78.7 MB.
System memory in use after: 78.8 MB.

Unloading 12 unused Assets to reduce memory usage. Loaded Objects now: 1859.
Total: 2.091600 ms (FindLiveObjects: 0.114500 ms CreateObjectMapping: 0.031800 ms MarkObjects: 1.931600 ms  DeleteObjects: 0.012900 ms)

AssetImportParameters requested are different than current active one (requested -> active):
  custom:framework-win-MediaFoundation: 216162199b28c13a410421893ffa2e32 -> 
  custom:video-decoder-ogg-theora: a1e56fd34408186e4bbccfd4996cb3dc -> 
  custom:container-muxer-webm: aa71ff27fc2769a1b78a27578f13a17b -> 
  custom:container-demuxer-webm: 4f35f7cbe854078d1ac9338744f61a02 -> 
  custom:container-demuxer-ogg: 62fdf1f143b41e24485cea50d1cbac27 -> 
  custom:video-encoder-webm-vp8: eb34c28f22e8b96e1ab97ce403110664 -> 
  custom:video-decoder-webm-vp8: 9c59270c3fd7afecdb556c50c9e8de78 -> 
  custom:audio-decoder-ogg-vorbis: bf7c407c2cedff20999df2af8eb42d56 -> 
  custom:audio-encoder-webm-vorbis: bf7c407c2cedff20999df2af8eb42d56 -> 
========================================================================
Received Import Request.
  Time since last request: 27.210988 seconds.
  path: Assets/Animater blendtree/Script/BlendAnimation.cs
  artifactKey: Guid(8ea7ee42fd5fb914c85ae1680d497a24) Importer(815301076,1909f56bfc062723c751e8b465ee728b)
Start importing Assets/Animater blendtree/Script/BlendAnimation.cs using Guid(8ea7ee42fd5fb914c85ae1680d497a24) Importer(815301076,1909f56bfc062723c751e8b465ee728b)  -> (artifact id: '11ea49a5aeebe551b6067513b4ebd58f') in 0.006699 seconds 
  Import took 0.008697 seconds .

========================================================================
Received Prepare
Registering precompiled user dll's ...
Registered in 0.001918 seconds.
Begin MonoManager ReloadAssembly
Native extension for WindowsStandalone target not found
Refreshing native plugins compatible for Editor in 0.27 ms, found 2 plugins.
Preloading 0 native plugins for Editor in 0.00 ms.
Mono: successfully reloaded assembly
- Completed reload, in  1.026 seconds
Domain Reload Profiling:
	ReloadAssembly (1026ms)
		BeginReloadAssembly (91ms)
			ExecutionOrderSort (0ms)
			DisableScriptedObjects (4ms)
			BackupInstance (0ms)
			ReleaseScriptingObjects (0ms)
			CreateAndSetChildDomain (24ms)
		EndReloadAssembly (884ms)
			LoadAssemblies (64ms)
			RebuildTransferFunctionScriptingTraits (0ms)
			SetupTypeCache (212ms)
			ReleaseScriptCaches (1ms)
			RebuildScriptCaches (32ms)
			SetupLoadedEditorAssemblies (494ms)
				LogAssemblyErrors (0ms)
				InitializePlatformSupportModulesInManaged (4ms)
				SetLoadedEditorAssemblies (0ms)
				RefreshPlugins (0ms)
				BeforeProcessingInitializeOnLoad (58ms)
				ProcessInitializeOnLoadAttributes (421ms)
				ProcessInitializeOnLoadMethodAttributes (4ms)
				AfterProcessingInitializeOnLoad (6ms)
				EditorAssembliesLoaded (0ms)
			ExecutionOrderSort2 (0ms)
			AwakeInstancesAfterBackupRestoration (6ms)
Platform modules already initialized, skipping
Refreshing native plugins compatible for Editor in 0.29 ms, found 2 plugins.
Preloading 0 native plugins for Editor in 0.00 ms.
Unloading 1394 Unused Serialized files (Serialized files now loaded: 0)
System memory in use before: 78.7 MB.
System memory in use after: 78.8 MB.

Unloading 11 unused Assets to reduce memory usage. Loaded Objects now: 1862.
Total: 3.129200 ms (FindLiveObjects: 0.576800 ms CreateObjectMapping: 0.139000 ms MarkObjects: 2.397800 ms  DeleteObjects: 0.013700 ms)

AssetImportParameters requested are different than current active one (requested -> active):
  custom:framework-win-MediaFoundation: 216162199b28c13a410421893ffa2e32 -> 
  custom:video-decoder-ogg-theora: a1e56fd34408186e4bbccfd4996cb3dc -> 
  custom:container-muxer-webm: aa71ff27fc2769a1b78a27578f13a17b -> 
  custom:container-demuxer-webm: 4f35f7cbe854078d1ac9338744f61a02 -> 
  custom:container-demuxer-ogg: 62fdf1f143b41e24485cea50d1cbac27 -> 
  custom:video-encoder-webm-vp8: eb34c28f22e8b96e1ab97ce403110664 -> 
  custom:video-decoder-webm-vp8: 9c59270c3fd7afecdb556c50c9e8de78 -> 
  custom:audio-decoder-ogg-vorbis: bf7c407c2cedff20999df2af8eb42d56 -> 
  custom:audio-encoder-webm-vorbis: bf7c407c2cedff20999df2af8eb42d56 -> 
========================================================================
Received Import Request.
  Time since last request: 1364.103946 seconds.
  path: Assets/Animater blendtree/Animator Controller.controller
  artifactKey: Guid(702b01642542d2c4f8d2159246009b47) Importer(815301076,1909f56bfc062723c751e8b465ee728b)
Start importing Assets/Animater blendtree/Animator Controller.controller using Guid(702b01642542d2c4f8d2159246009b47) Importer(815301076,1909f56bfc062723c751e8b465ee728b)  -> (artifact id: 'c76cd242664e4101f679dd726200c3b6') in 0.054799 seconds 
  Import took 0.057921 seconds .

========================================================================
Received Prepare
Registering precompiled user dll's ...
Registered in 0.001966 seconds.
Begin MonoManager ReloadAssembly
Native extension for WindowsStandalone target not found
Refreshing native plugins compatible for Editor in 0.33 ms, found 2 plugins.
Preloading 0 native plugins for Editor in 0.00 ms.
Mono: successfully reloaded assembly
- Completed reload, in  0.909 seconds
Domain Reload Profiling:
	ReloadAssembly (909ms)
		BeginReloadAssembly (107ms)
			ExecutionOrderSort (0ms)
			DisableScriptedObjects (5ms)
			BackupInstance (0ms)
			ReleaseScriptingObjects (0ms)
			CreateAndSetChildDomain (29ms)
		EndReloadAssembly (747ms)
			LoadAssemblies (75ms)
			RebuildTransferFunctionScriptingTraits (0ms)
			SetupTypeCache (242ms)
			ReleaseScriptCaches (1ms)
			RebuildScriptCaches (34ms)
			SetupLoadedEditorAssemblies (292ms)
				LogAssemblyErrors (0ms)
				InitializePlatformSupportModulesInManaged (5ms)
				SetLoadedEditorAssemblies (0ms)
				RefreshPlugins (0ms)
				BeforeProcessingInitializeOnLoad (63ms)
				ProcessInitializeOnLoadAttributes (209ms)
				ProcessInitializeOnLoadMethodAttributes (7ms)
				AfterProcessingInitializeOnLoad (7ms)
				EditorAssembliesLoaded (0ms)
			ExecutionOrderSort2 (0ms)
			AwakeInstancesAfterBackupRestoration (9ms)
Platform modules already initialized, skipping
Refreshing native plugins compatible for Editor in 0.30 ms, found 2 plugins.
Preloading 0 native plugins for Editor in 0.00 ms.
Unloading 1394 Unused Serialized files (Serialized files now loaded: 0)
System memory in use before: 78.7 MB.
System memory in use after: 78.8 MB.

Unloading 11 unused Assets to reduce memory usage. Loaded Objects now: 1864.
Total: 2.362000 ms (FindLiveObjects: 0.186600 ms CreateObjectMapping: 0.050000 ms MarkObjects: 2.108000 ms  DeleteObjects: 0.016300 ms)

AssetImportParameters requested are different than current active one (requested -> active):
  custom:framework-win-MediaFoundation: 216162199b28c13a410421893ffa2e32 -> 
  custom:video-decoder-ogg-theora: a1e56fd34408186e4bbccfd4996cb3dc -> 
  custom:container-muxer-webm: aa71ff27fc2769a1b78a27578f13a17b -> 
  custom:container-demuxer-webm: 4f35f7cbe854078d1ac9338744f61a02 -> 
  custom:container-demuxer-ogg: 62fdf1f143b41e24485cea50d1cbac27 -> 
  custom:video-encoder-webm-vp8: eb34c28f22e8b96e1ab97ce403110664 -> 
  custom:video-decoder-webm-vp8: 9c59270c3fd7afecdb556c50c9e8de78 -> 
  custom:audio-decoder-ogg-vorbis: bf7c407c2cedff20999df2af8eb42d56 -> 
  custom:audio-encoder-webm-vorbis: bf7c407c2cedff20999df2af8eb42d56 -> 
========================================================================
Received Prepare
Registering precompiled user dll's ...
Registered in 0.002304 seconds.
Begin MonoManager ReloadAssembly
Native extension for WindowsStandalone target not found
Refreshing native plugins compatible for Editor in 0.32 ms, found 2 plugins.
Preloading 0 native plugins for Editor in 0.00 ms.
Mono: successfully reloaded assembly
- Completed reload, in  0.764 seconds
Domain Reload Profiling:
	ReloadAssembly (764ms)
		BeginReloadAssembly (96ms)
			ExecutionOrderSort (0ms)
			DisableScriptedObjects (4ms)
			BackupInstance (0ms)
			ReleaseScriptingObjects (0ms)
			CreateAndSetChildDomain (27ms)
		EndReloadAssembly (619ms)
			LoadAssemblies (65ms)
			RebuildTransferFunctionScriptingTraits (0ms)
			SetupTypeCache (212ms)
			ReleaseScriptCaches (1ms)
			RebuildScriptCaches (32ms)
			SetupLoadedEditorAssemblies (227ms)
				LogAssemblyErrors (0ms)
				InitializePlatformSupportModulesInManaged (4ms)
				SetLoadedEditorAssemblies (0ms)
				RefreshPlugins (0ms)
				BeforeProcessingInitializeOnLoad (60ms)
				ProcessInitializeOnLoadAttributes (154ms)
				ProcessInitializeOnLoadMethodAttributes (4ms)
				AfterProcessingInitializeOnLoad (5ms)
				EditorAssembliesLoaded (0ms)
			ExecutionOrderSort2 (0ms)
			AwakeInstancesAfterBackupRestoration (5ms)
Platform modules already initialized, skipping
Refreshing native plugins compatible for Editor in 0.27 ms, found 2 plugins.
Preloading 0 native plugins for Editor in 0.00 ms.
Unloading 1394 Unused Serialized files (Serialized files now loaded: 0)
System memory in use before: 78.8 MB.
System memory in use after: 78.9 MB.

Unloading 11 unused Assets to reduce memory usage. Loaded Objects now: 1866.
Total: 2.280700 ms (FindLiveObjects: 0.114900 ms CreateObjectMapping: 0.040000 ms MarkObjects: 2.113500 ms  DeleteObjects: 0.011500 ms)

AssetImportParameters requested are different than current active one (requested -> active):
  custom:framework-win-MediaFoundation: 216162199b28c13a410421893ffa2e32 -> 
  custom:video-decoder-ogg-theora: a1e56fd34408186e4bbccfd4996cb3dc -> 
  custom:container-muxer-webm: aa71ff27fc2769a1b78a27578f13a17b -> 
  custom:container-demuxer-webm: 4f35f7cbe854078d1ac9338744f61a02 -> 
  custom:container-demuxer-ogg: 62fdf1f143b41e24485cea50d1cbac27 -> 
  custom:video-encoder-webm-vp8: eb34c28f22e8b96e1ab97ce403110664 -> 
  custom:video-decoder-webm-vp8: 9c59270c3fd7afecdb556c50c9e8de78 -> 
  custom:audio-decoder-ogg-vorbis: bf7c407c2cedff20999df2af8eb42d56 -> 
  custom:audio-encoder-webm-vorbis: bf7c407c2cedff20999df2af8eb42d56 -> 
========================================================================
Received Prepare
Registering precompiled user dll's ...
Registered in 0.001958 seconds.
Begin MonoManager ReloadAssembly
Native extension for WindowsStandalone target not found
Refreshing native plugins compatible for Editor in 0.28 ms, found 2 plugins.
Preloading 0 native plugins for Editor in 0.00 ms.
Mono: successfully reloaded assembly
- Completed reload, in  0.754 seconds
Domain Reload Profiling:
	ReloadAssembly (754ms)
		BeginReloadAssembly (99ms)
			ExecutionOrderSort (0ms)
			DisableScriptedObjects (4ms)
			BackupInstance (0ms)
			ReleaseScriptingObjects (0ms)
			CreateAndSetChildDomain (27ms)
		EndReloadAssembly (606ms)
			LoadAssemblies (65ms)
			RebuildTransferFunctionScriptingTraits (0ms)
			SetupTypeCache (208ms)
			ReleaseScriptCaches (1ms)
			RebuildScriptCaches (31ms)
			SetupLoadedEditorAssemblies (221ms)
				LogAssemblyErrors (0ms)
				InitializePlatformSupportModulesInManaged (4ms)
				SetLoadedEditorAssemblies (0ms)
				RefreshPlugins (0ms)
				BeforeProcessingInitializeOnLoad (57ms)
				ProcessInitializeOnLoadAttributes (151ms)
				ProcessInitializeOnLoadMethodAttributes (3ms)
				AfterProcessingInitializeOnLoad (5ms)
				EditorAssembliesLoaded (0ms)
			ExecutionOrderSort2 (0ms)
			AwakeInstancesAfterBackupRestoration (5ms)
Platform modules already initialized, skipping
Refreshing native plugins compatible for Editor in 0.27 ms, found 2 plugins.
Preloading 0 native plugins for Editor in 0.00 ms.
Unloading 1394 Unused Serialized files (Serialized files now loaded: 0)
System memory in use before: 78.8 MB.
System memory in use after: 78.9 MB.

Unloading 11 unused Assets to reduce memory usage. Loaded Objects now: 1868.
Total: 2.204400 ms (FindLiveObjects: 0.113200 ms CreateObjectMapping: 0.032700 ms MarkObjects: 2.046500 ms  DeleteObjects: 0.011300 ms)

AssetImportParameters requested are different than current active one (requested -> active):
  custom:framework-win-MediaFoundation: 216162199b28c13a410421893ffa2e32 -> 
  custom:video-decoder-ogg-theora: a1e56fd34408186e4bbccfd4996cb3dc -> 
  custom:container-muxer-webm: aa71ff27fc2769a1b78a27578f13a17b -> 
  custom:container-demuxer-webm: 4f35f7cbe854078d1ac9338744f61a02 -> 
  custom:container-demuxer-ogg: 62fdf1f143b41e24485cea50d1cbac27 -> 
  custom:video-encoder-webm-vp8: eb34c28f22e8b96e1ab97ce403110664 -> 
  custom:video-decoder-webm-vp8: 9c59270c3fd7afecdb556c50c9e8de78 -> 
  custom:audio-decoder-ogg-vorbis: bf7c407c2cedff20999df2af8eb42d56 -> 
  custom:audio-encoder-webm-vorbis: bf7c407c2cedff20999df2af8eb42d56 -> 
========================================================================
Received Import Request.
  Time since last request: 460.401185 seconds.
  path: Assets/RPG Monster Duo PBR Polyart/Animations/TurtleShell/Attack01_TurtleShell_Anim.fbx
  artifactKey: Guid(18d0edd1f2ba4444d9ba9bdf01f251d4) Importer(815301076,1909f56bfc062723c751e8b465ee728b)
Start importing Assets/RPG Monster Duo PBR Polyart/Animations/TurtleShell/Attack01_TurtleShell_Anim.fbx using Guid(18d0edd1f2ba4444d9ba9bdf01f251d4) Importer(815301076,1909f56bfc062723c751e8b465ee728b)  -> (artifact id: '52340069a49c891adcd51944abe646ea') in 0.180088 seconds 
  Import took 0.182779 seconds .

========================================================================
Received Import Request.
  Time since last request: 0.000186 seconds.
  path: Assets/RPG Monster Duo PBR Polyart/Animations/TurtleShell/DefendHit_TurtleShell_Anim.fbx
  artifactKey: Guid(2c6157875a0088f46bb6a78179983ab2) Importer(815301076,1909f56bfc062723c751e8b465ee728b)
Start importing Assets/RPG Monster Duo PBR Polyart/Animations/TurtleShell/DefendHit_TurtleShell_Anim.fbx using Guid(2c6157875a0088f46bb6a78179983ab2) Importer(815301076,1909f56bfc062723c751e8b465ee728b)  -> (artifact id: '1b8304be969b94206fae2b1aea4c99ae') in 0.041994 seconds 
  Import took 0.044035 seconds .

========================================================================
Received Import Request.
  Time since last request: 0.000147 seconds.
  path: Assets/RPG Monster Duo PBR Polyart/Animations/TurtleShell/GetHit_TurtleShell_Anim.fbx
  artifactKey: Guid(b374e22ebb027494eaf0e15709666b60) Importer(815301076,1909f56bfc062723c751e8b465ee728b)
Start importing Assets/RPG Monster Duo PBR Polyart/Animations/TurtleShell/GetHit_TurtleShell_Anim.fbx using Guid(b374e22ebb027494eaf0e15709666b60) Importer(815301076,1909f56bfc062723c751e8b465ee728b)  -> (artifact id: 'a716704cbcfa01d072997a68f3803474') in 0.043944 seconds 
  Import took 0.046516 seconds .

========================================================================
Received Import Request.
  Time since last request: 0.000264 seconds.
  path: Assets/RPG Monster Duo PBR Polyart/Animations/TurtleShell/IdleNormal_TurtleShell_Anim.fbx
  artifactKey: Guid(1b1e02561fcbcf64c82b7c02dfb9f53b) Importer(815301076,1909f56bfc062723c751e8b465ee728b)
Start importing Assets/RPG Monster Duo PBR Polyart/Animations/TurtleShell/IdleNormal_TurtleShell_Anim.fbx using Guid(1b1e02561fcbcf64c82b7c02dfb9f53b) Importer(815301076,1909f56bfc062723c751e8b465ee728b)  -> (artifact id: 'b0a77234cfe9077c24e5aef8bae538b7') in 0.026994 seconds 
  Import took 0.029241 seconds .

========================================================================
Received Import Request.
  Time since last request: 0.000249 seconds.
  path: Assets/RPG Monster Duo PBR Polyart/Animations/TurtleShell/Dizzy_TurtleShell_Anim.fbx
  artifactKey: Guid(b8e1da2ff6963da4b8483eeae18b60a5) Importer(815301076,1909f56bfc062723c751e8b465ee728b)
Start importing Assets/RPG Monster Duo PBR Polyart/Animations/TurtleShell/Dizzy_TurtleShell_Anim.fbx using Guid(b8e1da2ff6963da4b8483eeae18b60a5) Importer(815301076,1909f56bfc062723c751e8b465ee728b)  -> (artifact id: 'f9c8585114d67f9a4fa90137515b5c64') in 0.026254 seconds 
  Import took 0.028478 seconds .

========================================================================
Received Import Request.
  Time since last request: 0.000205 seconds.
  path: Assets/RPG Monster Duo PBR Polyart/Animations/TurtleShell/WalkBack_TurtleShell_Anim.fbx
  artifactKey: Guid(4067e520934750d4c9e5f7fab9cf487f) Importer(815301076,1909f56bfc062723c751e8b465ee728b)
Start importing Assets/RPG Monster Duo PBR Polyart/Animations/TurtleShell/WalkBack_TurtleShell_Anim.fbx using Guid(4067e520934750d4c9e5f7fab9cf487f) Importer(815301076,1909f56bfc062723c751e8b465ee728b)  -> (artifact id: 'db4db831de1ec25122a2fccfca45ab1f') in 0.027164 seconds 
  Import took 0.029392 seconds .

========================================================================
Received Import Request.
  Time since last request: 0.000181 seconds.
  path: Assets/RPG Monster Duo PBR Polyart/Animations/Slime/WalkLeft_Slime_Anim.fbx
  artifactKey: Guid(89d2cadc7addca64c8849fb4c8d0928d) Importer(815301076,1909f56bfc062723c751e8b465ee728b)
Start importing Assets/RPG Monster Duo PBR Polyart/Animations/Slime/WalkLeft_Slime_Anim.fbx using Guid(89d2cadc7addca64c8849fb4c8d0928d) Importer(815301076,1909f56bfc062723c751e8b465ee728b)  -> (artifact id: '381130fc8897b3c5b1e83ef9824c661c') in 0.029271 seconds 
  Import took 0.031255 seconds .

========================================================================
Received Import Request.
  Time since last request: 0.000163 seconds.
  path: Assets/RPG Monster Duo PBR Polyart/Animations/TurtleShell/IdleBattle_TurtleShell_Anim.fbx
  artifactKey: Guid(e599599913457404aa360071350dd7c4) Importer(815301076,1909f56bfc062723c751e8b465ee728b)
Start importing Assets/RPG Monster Duo PBR Polyart/Animations/TurtleShell/IdleBattle_TurtleShell_Anim.fbx using Guid(e599599913457404aa360071350dd7c4) Importer(815301076,1909f56bfc062723c751e8b465ee728b)  -> (artifact id: 'b84daa951bfe217b5ce7f979a3b18bd5') in 0.028527 seconds 
  Import took 0.030830 seconds .

========================================================================
Received Import Request.
  Time since last request: 0.000164 seconds.
  path: Assets/RPG Monster Duo PBR Polyart/Animations/Slime/Walk_Slime_Anim.fbx
  artifactKey: Guid(f5d4d1a7dadc5a84d910c492d947ca4f) Importer(815301076,1909f56bfc062723c751e8b465ee728b)
Start importing Assets/RPG Monster Duo PBR Polyart/Animations/Slime/Walk_Slime_Anim.fbx using Guid(f5d4d1a7dadc5a84d910c492d947ca4f) Importer(815301076,1909f56bfc062723c751e8b465ee728b)  -> (artifact id: '097246f23f77ec81d25e6e9cb0662f7a') in 0.028052 seconds 
  Import took 0.030354 seconds .

========================================================================
Received Import Request.
  Time since last request: 0.000177 seconds.
  path: Assets/RPG Monster Duo PBR Polyart/Animations/TurtleShell/WalkRight_TurtleShell_Anim.fbx
  artifactKey: Guid(66870af258a3ce344ae956c530df9b4d) Importer(815301076,1909f56bfc062723c751e8b465ee728b)
Start importing Assets/RPG Monster Duo PBR Polyart/Animations/TurtleShell/WalkRight_TurtleShell_Anim.fbx using Guid(66870af258a3ce344ae956c530df9b4d) Importer(815301076,1909f56bfc062723c751e8b465ee728b)  -> (artifact id: 'fa2b2cfd922dbc9eaabb9a91858b8aca') in 0.028196 seconds 
  Import took 0.030361 seconds .

========================================================================
Received Import Request.
  Time since last request: 0.000224 seconds.
  path: Assets/RPG Monster Duo PBR Polyart/Animations/TurtleShell/Attack01_TurtleShell_Anim.fbx
  artifactKey: Guid(18d0edd1f2ba4444d9ba9bdf01f251d4) Importer(815301076,1909f56bfc062723c751e8b465ee728b)
Start importing Assets/RPG Monster Duo PBR Polyart/Animations/TurtleShell/Attack01_TurtleShell_Anim.fbx using Guid(18d0edd1f2ba4444d9ba9bdf01f251d4) Importer(815301076,1909f56bfc062723c751e8b465ee728b)  -> (artifact id: '52340069a49c891adcd51944abe646ea') in 0.019761 seconds 
  Import took 0.023360 seconds .

========================================================================
Received Import Request.
  Time since last request: 0.000275 seconds.
  path: Assets/RPG Monster Duo PBR Polyart/Animations/TurtleShell/SenseSomethingRT_TurtleShell_Anim.fbx
  artifactKey: Guid(ddc2a58dd3a46bc4aae83f0b6792d4ee) Importer(815301076,1909f56bfc062723c751e8b465ee728b)
Start importing Assets/RPG Monster Duo PBR Polyart/Animations/TurtleShell/SenseSomethingRT_TurtleShell_Anim.fbx using Guid(ddc2a58dd3a46bc4aae83f0b6792d4ee) Importer(815301076,1909f56bfc062723c751e8b465ee728b)  -> (artifact id: '89d66fbde4ab32893dc89f3903844b6d') in 0.033572 seconds 
  Import took 0.036489 seconds .

========================================================================
Received Import Request.
  Time since last request: 0.000160 seconds.
  path: Assets/RPG Monster Duo PBR Polyart/Animations/TurtleShell/Attack02_TurtleShell_Anim.fbx
  artifactKey: Guid(24d275f677a39b245a5e175f24e345a0) Importer(815301076,1909f56bfc062723c751e8b465ee728b)
Start importing Assets/RPG Monster Duo PBR Polyart/Animations/TurtleShell/Attack02_TurtleShell_Anim.fbx using Guid(24d275f677a39b245a5e175f24e345a0) Importer(815301076,1909f56bfc062723c751e8b465ee728b)  -> (artifact id: '25fb824380cbe9d4a4d9b781d8665487') in 0.028372 seconds 
  Import took 0.030865 seconds .

========================================================================
Received Import Request.
  Time since last request: 0.000248 seconds.
  path: Assets/RPG Monster Duo PBR Polyart/Animations/TurtleShell/SenseSomethingStart_TurtleShell_Anim.fbx
  artifactKey: Guid(a6c28cf5fd46b9045a05f90be02cf2bd) Importer(815301076,1909f56bfc062723c751e8b465ee728b)
Start importing Assets/RPG Monster Duo PBR Polyart/Animations/TurtleShell/SenseSomethingStart_TurtleShell_Anim.fbx using Guid(a6c28cf5fd46b9045a05f90be02cf2bd) Importer(815301076,1909f56bfc062723c751e8b465ee728b)  -> (artifact id: '4741dfe7b8fc39e208c89f5ba07b5e1a') in 0.025827 seconds 
  Import took 0.028348 seconds .

========================================================================
Received Import Request.
  Time since last request: 0.000278 seconds.
  path: Assets/RPG Monster Duo PBR Polyart/Animations/TurtleShell/Attack02_TurtleShell_Anim.fbx
  artifactKey: Guid(24d275f677a39b245a5e175f24e345a0) Importer(815301076,1909f56bfc062723c751e8b465ee728b)
Start importing Assets/RPG Monster Duo PBR Polyart/Animations/TurtleShell/Attack02_TurtleShell_Anim.fbx using Guid(24d275f677a39b245a5e175f24e345a0) Importer(815301076,1909f56bfc062723c751e8b465ee728b)  -> (artifact id: '25fb824380cbe9d4a4d9b781d8665487') in 0.018886 seconds 
  Import took 0.021444 seconds .

========================================================================
Received Import Request.
  Time since last request: 0.000198 seconds.
  path: Assets/RPG Monster Duo PBR Polyart/Animations/TurtleShell/Taunt_TurtleShell_Anim.fbx
  artifactKey: Guid(4bb50d0b13219844eb0abbbf1c15724d) Importer(815301076,1909f56bfc062723c751e8b465ee728b)
Start importing Assets/RPG Monster Duo PBR Polyart/Animations/TurtleShell/Taunt_TurtleShell_Anim.fbx using Guid(4bb50d0b13219844eb0abbbf1c15724d) Importer(815301076,1909f56bfc062723c751e8b465ee728b)  -> (artifact id: '5126103553a750a858d0db554435779b') in 0.030970 seconds 
  Import took 0.032980 seconds .

========================================================================
Received Import Request.
  Time since last request: 0.000236 seconds.
  path: Assets/RPG Monster Duo PBR Polyart/Animations/TurtleShell/WalkLeft_TurtleShell_Anim.fbx
  artifactKey: Guid(8f9acbd44d63a84468cb5164f7f9a057) Importer(815301076,1909f56bfc062723c751e8b465ee728b)
Start importing Assets/RPG Monster Duo PBR Polyart/Animations/TurtleShell/WalkLeft_TurtleShell_Anim.fbx using Guid(8f9acbd44d63a84468cb5164f7f9a057) Importer(815301076,1909f56bfc062723c751e8b465ee728b)  -> (artifact id: 'b3d46eefc607460f59b522d7d74fe928') in 0.027946 seconds 
  Import took 0.029972 seconds .

========================================================================
Received Import Request.
  Time since last request: 0.000183 seconds.
  path: Assets/RPG Monster Duo PBR Polyart/Animations/TurtleShell/Die_TurtleShell_Anim.fbx
  artifactKey: Guid(d57bb9f35b232f546851ae283a6a4310) Importer(815301076,1909f56bfc062723c751e8b465ee728b)
Start importing Assets/RPG Monster Duo PBR Polyart/Animations/TurtleShell/Die_TurtleShell_Anim.fbx using Guid(d57bb9f35b232f546851ae283a6a4310) Importer(815301076,1909f56bfc062723c751e8b465ee728b)  -> (artifact id: '80d7e8aabfe773a88868e419f09a025a') in 0.031968 seconds 
  Import took 0.034027 seconds .

========================================================================
Received Import Request.
  Time since last request: 0.000214 seconds.
  path: Assets/RPG Monster Duo PBR Polyart/Animations/Slime/WalkRight_Slime_Anim.fbx
  artifactKey: Guid(e701e62680e5836438f67a3da2bdc71e) Importer(815301076,1909f56bfc062723c751e8b465ee728b)
Start importing Assets/RPG Monster Duo PBR Polyart/Animations/Slime/WalkRight_Slime_Anim.fbx using Guid(e701e62680e5836438f67a3da2bdc71e) Importer(815301076,1909f56bfc062723c751e8b465ee728b)  -> (artifact id: '684d95e3ea88f1c2b44d1ed511c253fa') in 0.026960 seconds 
  Import took 0.029038 seconds .

========================================================================
Received Import Request.
  Time since last request: 0.000247 seconds.
  path: Assets/RPG Monster Duo PBR Polyart/Animations/TurtleShell/Walk_TurtleShell_Anim.fbx
  artifactKey: Guid(769c6c4d31c2dad48b0664b47847f7e1) Importer(815301076,1909f56bfc062723c751e8b465ee728b)
Start importing Assets/RPG Monster Duo PBR Polyart/Animations/TurtleShell/Walk_TurtleShell_Anim.fbx using Guid(769c6c4d31c2dad48b0664b47847f7e1) Importer(815301076,1909f56bfc062723c751e8b465ee728b)  -> (artifact id: '44edf2a3cec0ca300963ab2b3a61ff1e') in 0.028084 seconds 
  Import took 0.030236 seconds .

========================================================================
Received Import Request.
  Time since last request: 0.000142 seconds.
  path: Assets/RPG Monster Duo PBR Polyart/Animations/Slime/WalkBack_Slime_Anim.fbx
  artifactKey: Guid(34094b5c4dd5cd9438870be57749bf79) Importer(815301076,1909f56bfc062723c751e8b465ee728b)
Start importing Assets/RPG Monster Duo PBR Polyart/Animations/Slime/WalkBack_Slime_Anim.fbx using Guid(34094b5c4dd5cd9438870be57749bf79) Importer(815301076,1909f56bfc062723c751e8b465ee728b)  -> (artifact id: '8e6cfd09043414f58b329fbc0bd6593c') in 0.028177 seconds 
  Import took 0.030129 seconds .

========================================================================
Received Import Request.
  Time since last request: 0.000192 seconds.
  path: Assets/RPG Monster Duo PBR Polyart/Animations/TurtleShell/Defend_TurtleShell_Anim.fbx
  artifactKey: Guid(eece6c7b0fef3a74cacd7b1169d86d3b) Importer(815301076,1909f56bfc062723c751e8b465ee728b)
Start importing Assets/RPG Monster Duo PBR Polyart/Animations/TurtleShell/Defend_TurtleShell_Anim.fbx using Guid(eece6c7b0fef3a74cacd7b1169d86d3b) Importer(815301076,1909f56bfc062723c751e8b465ee728b)  -> (artifact id: '92f97f6ff793826a278b9fcca0cec56f') in 0.036561 seconds 
  Import took 0.039566 seconds .

========================================================================
Received Import Request.
  Time since last request: 0.000219 seconds.
  path: Assets/RPG Monster Duo PBR Polyart/Animations/Slime/Victory_Slime_Anim.fbx
  artifactKey: Guid(6f262ec4363c1e54baf17c27c26b0bc7) Importer(815301076,1909f56bfc062723c751e8b465ee728b)
Start importing Assets/RPG Monster Duo PBR Polyart/Animations/Slime/Victory_Slime_Anim.fbx using Guid(6f262ec4363c1e54baf17c27c26b0bc7) Importer(815301076,1909f56bfc062723c751e8b465ee728b)  -> (artifact id: '4291aa53f2dcef31ec203376ae77b29d') in 0.034706 seconds 
  Import took 0.036748 seconds .

========================================================================
Received Import Request.
  Time since last request: 0.000212 seconds.
  path: Assets/RPG Monster Duo PBR Polyart/Animations/TurtleShell/Victory_TurtleShell_Anim.fbx
  artifactKey: Guid(2ce4c828bc03a8f4689ebc72e6dd73bb) Importer(815301076,1909f56bfc062723c751e8b465ee728b)
Start importing Assets/RPG Monster Duo PBR Polyart/Animations/TurtleShell/Victory_TurtleShell_Anim.fbx using Guid(2ce4c828bc03a8f4689ebc72e6dd73bb) Importer(815301076,1909f56bfc062723c751e8b465ee728b)  -> (artifact id: '0ac814db623ab4c67f8b970d26e08037') in 0.030742 seconds 
  Import took 0.032696 seconds .

========================================================================
Received Import Request.
  Time since last request: 0.000208 seconds.
  path: Assets/RPG Monster Duo PBR Polyart/Animations/TurtleShell/Run_TurtleShell_Anim.fbx
  artifactKey: Guid(7167b0d559da22d439a92af6ec59a2ad) Importer(815301076,1909f56bfc062723c751e8b465ee728b)
Start importing Assets/RPG Monster Duo PBR Polyart/Animations/TurtleShell/Run_TurtleShell_Anim.fbx using Guid(7167b0d559da22d439a92af6ec59a2ad) Importer(815301076,1909f56bfc062723c751e8b465ee728b)  -> (artifact id: '43115e02618d35f699fa7dcbfab3de54') in 0.033416 seconds 
  Import took 0.035396 seconds .

========================================================================
Received Prepare
Registering precompiled user dll's ...
Registered in 0.001877 seconds.
Begin MonoManager ReloadAssembly
Native extension for WindowsStandalone target not found
Refreshing native plugins compatible for Editor in 0.27 ms, found 2 plugins.
Preloading 0 native plugins for Editor in 0.00 ms.
Mono: successfully reloaded assembly
- Completed reload, in  0.744 seconds
Domain Reload Profiling:
	ReloadAssembly (744ms)
		BeginReloadAssembly (95ms)
			ExecutionOrderSort (0ms)
			DisableScriptedObjects (3ms)
			BackupInstance (0ms)
			ReleaseScriptingObjects (0ms)
			CreateAndSetChildDomain (26ms)
		EndReloadAssembly (600ms)
			LoadAssemblies (65ms)
			RebuildTransferFunctionScriptingTraits (0ms)
			SetupTypeCache (207ms)
			ReleaseScriptCaches (1ms)
			RebuildScriptCaches (31ms)
			SetupLoadedEditorAssemblies (218ms)
				LogAssemblyErrors (0ms)
				InitializePlatformSupportModulesInManaged (4ms)
				SetLoadedEditorAssemblies (0ms)
				RefreshPlugins (0ms)
				BeforeProcessingInitializeOnLoad (56ms)
				ProcessInitializeOnLoadAttributes (148ms)
				ProcessInitializeOnLoadMethodAttributes (4ms)
				AfterProcessingInitializeOnLoad (5ms)
				EditorAssembliesLoaded (0ms)
			ExecutionOrderSort2 (0ms)
			AwakeInstancesAfterBackupRestoration (5ms)
Platform modules already initialized, skipping
Refreshing native plugins compatible for Editor in 0.35 ms, found 2 plugins.
Preloading 0 native plugins for Editor in 0.00 ms.
Unloading 1394 Unused Serialized files (Serialized files now loaded: 0)
System memory in use before: 95.8 MB.
System memory in use after: 95.9 MB.

Unloading 12 unused Assets to reduce memory usage. Loaded Objects now: 1881.
Total: 2.382400 ms (FindLiveObjects: 0.126200 ms CreateObjectMapping: 0.033400 ms MarkObjects: 2.205700 ms  DeleteObjects: 0.016100 ms)

AssetImportParameters requested are different than current active one (requested -> active):
  custom:framework-win-MediaFoundation: 216162199b28c13a410421893ffa2e32 -> 
  custom:video-decoder-ogg-theora: a1e56fd34408186e4bbccfd4996cb3dc -> 
  custom:container-muxer-webm: aa71ff27fc2769a1b78a27578f13a17b -> 
  custom:container-demuxer-webm: 4f35f7cbe854078d1ac9338744f61a02 -> 
  custom:container-demuxer-ogg: 62fdf1f143b41e24485cea50d1cbac27 -> 
  custom:video-encoder-webm-vp8: eb34c28f22e8b96e1ab97ce403110664 -> 
  custom:video-decoder-webm-vp8: 9c59270c3fd7afecdb556c50c9e8de78 -> 
  custom:audio-decoder-ogg-vorbis: bf7c407c2cedff20999df2af8eb42d56 -> 
  custom:audio-encoder-webm-vorbis: bf7c407c2cedff20999df2af8eb42d56 -> 
========================================================================
Received Prepare
Registering precompiled user dll's ...
Registered in 0.001997 seconds.
Begin MonoManager ReloadAssembly
Native extension for WindowsStandalone target not found
Refreshing native plugins compatible for Editor in 0.29 ms, found 2 plugins.
Preloading 0 native plugins for Editor in 0.00 ms.
Mono: successfully reloaded assembly
- Completed reload, in  0.975 seconds
Domain Reload Profiling:
	ReloadAssembly (975ms)
		BeginReloadAssembly (115ms)
			ExecutionOrderSort (0ms)
			DisableScriptedObjects (4ms)
			BackupInstance (0ms)
			ReleaseScriptingObjects (0ms)
			CreateAndSetChildDomain (25ms)
		EndReloadAssembly (810ms)
			LoadAssemblies (64ms)
			RebuildTransferFunctionScriptingTraits (0ms)
			SetupTypeCache (206ms)
			ReleaseScriptCaches (1ms)
			RebuildScriptCaches (31ms)
			SetupLoadedEditorAssemblies (426ms)
				LogAssemblyErrors (0ms)
				InitializePlatformSupportModulesInManaged (4ms)
				SetLoadedEditorAssemblies (0ms)
				RefreshPlugins (0ms)
				BeforeProcessingInitializeOnLoad (67ms)
				ProcessInitializeOnLoadAttributes (344ms)
				ProcessInitializeOnLoadMethodAttributes (5ms)
				AfterProcessingInitializeOnLoad (5ms)
				EditorAssembliesLoaded (0ms)
			ExecutionOrderSort2 (0ms)
			AwakeInstancesAfterBackupRestoration (6ms)
Platform modules already initialized, skipping
Refreshing native plugins compatible for Editor in 0.28 ms, found 2 plugins.
Preloading 0 native plugins for Editor in 0.00 ms.
Unloading 1394 Unused Serialized files (Serialized files now loaded: 0)
System memory in use before: 95.8 MB.
System memory in use after: 95.9 MB.

Unloading 11 unused Assets to reduce memory usage. Loaded Objects now: 1883.
Total: 2.246100 ms (FindLiveObjects: 0.134400 ms CreateObjectMapping: 0.036000 ms MarkObjects: 2.063500 ms  DeleteObjects: 0.011400 ms)

AssetImportParameters requested are different than current active one (requested -> active):
  custom:framework-win-MediaFoundation: 216162199b28c13a410421893ffa2e32 -> 
  custom:video-decoder-ogg-theora: a1e56fd34408186e4bbccfd4996cb3dc -> 
  custom:container-muxer-webm: aa71ff27fc2769a1b78a27578f13a17b -> 
  custom:container-demuxer-webm: 4f35f7cbe854078d1ac9338744f61a02 -> 
  custom:container-demuxer-ogg: 62fdf1f143b41e24485cea50d1cbac27 -> 
  custom:video-encoder-webm-vp8: eb34c28f22e8b96e1ab97ce403110664 -> 
  custom:video-decoder-webm-vp8: 9c59270c3fd7afecdb556c50c9e8de78 -> 
  custom:audio-decoder-ogg-vorbis: bf7c407c2cedff20999df2af8eb42d56 -> 
  custom:audio-encoder-webm-vorbis: bf7c407c2cedff20999df2af8eb42d56 -> 
========================================================================
Received Prepare
Registering precompiled user dll's ...
Registered in 0.001950 seconds.
Begin MonoManager ReloadAssembly
Native extension for WindowsStandalone target not found
Refreshing native plugins compatible for Editor in 0.27 ms, found 2 plugins.
Preloading 0 native plugins for Editor in 0.00 ms.
Mono: successfully reloaded assembly
- Completed reload, in  0.767 seconds
Domain Reload Profiling:
	ReloadAssembly (767ms)
		BeginReloadAssembly (98ms)
			ExecutionOrderSort (0ms)
			DisableScriptedObjects (4ms)
			BackupInstance (0ms)
			ReleaseScriptingObjects (0ms)
			CreateAndSetChildDomain (29ms)
		EndReloadAssembly (619ms)
			LoadAssemblies (65ms)
			RebuildTransferFunctionScriptingTraits (0ms)
			SetupTypeCache (224ms)
			ReleaseScriptCaches (1ms)
			RebuildScriptCaches (31ms)
			SetupLoadedEditorAssemblies (218ms)
				LogAssemblyErrors (0ms)
				InitializePlatformSupportModulesInManaged (4ms)
				SetLoadedEditorAssemblies (0ms)
				RefreshPlugins (0ms)
				BeforeProcessingInitializeOnLoad (57ms)
				ProcessInitializeOnLoadAttributes (149ms)
				ProcessInitializeOnLoadMethodAttributes (3ms)
				AfterProcessingInitializeOnLoad (5ms)
				EditorAssembliesLoaded (0ms)
			ExecutionOrderSort2 (0ms)
			AwakeInstancesAfterBackupRestoration (6ms)
Platform modules already initialized, skipping
Refreshing native plugins compatible for Editor in 0.39 ms, found 2 plugins.
Preloading 0 native plugins for Editor in 0.00 ms.
Unloading 1394 Unused Serialized files (Serialized files now loaded: 0)
System memory in use before: 95.8 MB.
System memory in use after: 95.9 MB.

Unloading 11 unused Assets to reduce memory usage. Loaded Objects now: 1885.
Total: 2.332400 ms (FindLiveObjects: 0.128300 ms CreateObjectMapping: 0.037300 ms MarkObjects: 2.153800 ms  DeleteObjects: 0.012200 ms)

AssetImportParameters requested are different than current active one (requested -> active):
  custom:framework-win-MediaFoundation: 216162199b28c13a410421893ffa2e32 -> 
  custom:video-decoder-ogg-theora: a1e56fd34408186e4bbccfd4996cb3dc -> 
  custom:container-muxer-webm: aa71ff27fc2769a1b78a27578f13a17b -> 
  custom:container-demuxer-webm: 4f35f7cbe854078d1ac9338744f61a02 -> 
  custom:container-demuxer-ogg: 62fdf1f143b41e24485cea50d1cbac27 -> 
  custom:video-encoder-webm-vp8: eb34c28f22e8b96e1ab97ce403110664 -> 
  custom:video-decoder-webm-vp8: 9c59270c3fd7afecdb556c50c9e8de78 -> 
  custom:audio-decoder-ogg-vorbis: bf7c407c2cedff20999df2af8eb42d56 -> 
  custom:audio-encoder-webm-vorbis: bf7c407c2cedff20999df2af8eb42d56 -> 
========================================================================
Received Prepare
Registering precompiled user dll's ...
Registered in 0.001991 seconds.
Begin MonoManager ReloadAssembly
Native extension for WindowsStandalone target not found
Refreshing native plugins compatible for Editor in 0.28 ms, found 2 plugins.
Preloading 0 native plugins for Editor in 0.00 ms.
Mono: successfully reloaded assembly
- Completed reload, in  0.866 seconds
Domain Reload Profiling:
	ReloadAssembly (867ms)
		BeginReloadAssembly (100ms)
			ExecutionOrderSort (0ms)
			DisableScriptedObjects (4ms)
			BackupInstance (0ms)
			ReleaseScriptingObjects (0ms)
			CreateAndSetChildDomain (29ms)
		EndReloadAssembly (709ms)
			LoadAssemblies (71ms)
			RebuildTransferFunctionScriptingTraits (0ms)
			SetupTypeCache (238ms)
			ReleaseScriptCaches (1ms)
			RebuildScriptCaches (33ms)
			SetupLoadedEditorAssemblies (275ms)
				LogAssemblyErrors (0ms)
				InitializePlatformSupportModulesInManaged (6ms)
				SetLoadedEditorAssemblies (0ms)
				RefreshPlugins (0ms)
				BeforeProcessingInitializeOnLoad (67ms)
				ProcessInitializeOnLoadAttributes (188ms)
				ProcessInitializeOnLoadMethodAttributes (7ms)
				AfterProcessingInitializeOnLoad (7ms)
				EditorAssembliesLoaded (0ms)
			ExecutionOrderSort2 (0ms)
			AwakeInstancesAfterBackupRestoration (7ms)
Platform modules already initialized, skipping
Refreshing native plugins compatible for Editor in 0.27 ms, found 2 plugins.
Preloading 0 native plugins for Editor in 0.00 ms.
Unloading 1394 Unused Serialized files (Serialized files now loaded: 0)
System memory in use before: 95.8 MB.
System memory in use after: 95.9 MB.

Unloading 11 unused Assets to reduce memory usage. Loaded Objects now: 1887.
Total: 2.227100 ms (FindLiveObjects: 0.144700 ms CreateObjectMapping: 0.044000 ms MarkObjects: 2.024600 ms  DeleteObjects: 0.013000 ms)

AssetImportParameters requested are different than current active one (requested -> active):
  custom:framework-win-MediaFoundation: 216162199b28c13a410421893ffa2e32 -> 
  custom:video-decoder-ogg-theora: a1e56fd34408186e4bbccfd4996cb3dc -> 
  custom:container-muxer-webm: aa71ff27fc2769a1b78a27578f13a17b -> 
  custom:container-demuxer-webm: 4f35f7cbe854078d1ac9338744f61a02 -> 
  custom:container-demuxer-ogg: 62fdf1f143b41e24485cea50d1cbac27 -> 
  custom:video-encoder-webm-vp8: eb34c28f22e8b96e1ab97ce403110664 -> 
  custom:video-decoder-webm-vp8: 9c59270c3fd7afecdb556c50c9e8de78 -> 
  custom:audio-decoder-ogg-vorbis: bf7c407c2cedff20999df2af8eb42d56 -> 
  custom:audio-encoder-webm-vorbis: bf7c407c2cedff20999df2af8eb42d56 -> 
========================================================================
Received Import Request.
  Time since last request: 255.845581 seconds.
  path: Assets/Animater blendtree/Script/erika_archer@Walking Backwards.fbx
  artifactKey: Guid(6578b0d3609487646a043185b8820383) Importer(815301076,1909f56bfc062723c751e8b465ee728b)
Start importing Assets/Animater blendtree/Script/erika_archer@Walking Backwards.fbx using Guid(6578b0d3609487646a043185b8820383) Importer(815301076,1909f56bfc062723c751e8b465ee728b)  -> (artifact id: '44f2ca278440ce2a8502fcb49d63f741') in 0.031322 seconds 
  Import took 0.033674 seconds .

========================================================================
Received Import Request.
  Time since last request: 0.000996 seconds.
  path: Assets/Animater blendtree/Script/erika_archer@Walking Backwards.fbx
  artifactKey: Guid(6578b0d3609487646a043185b8820383) Importer(815301076,1909f56bfc062723c751e8b465ee728b)
Start importing Assets/Animater blendtree/Script/erika_archer@Walking Backwards.fbx using Guid(6578b0d3609487646a043185b8820383) Importer(815301076,1909f56bfc062723c751e8b465ee728b)  -> (artifact id: '44f2ca278440ce2a8502fcb49d63f741') in 0.007170 seconds 
  Import took 0.009856 seconds .

========================================================================
Received Import Request.
  Time since last request: 197.608924 seconds.
  path: Assets/Animater blendtree/Script/erika_archer@Crouch Torch Walk Left.fbx
  artifactKey: Guid(411e2cc4ace4e444c8ddddb267d9a59b) Importer(815301076,1909f56bfc062723c751e8b465ee728b)
Start importing Assets/Animater blendtree/Script/erika_archer@Crouch Torch Walk Left.fbx using Guid(411e2cc4ace4e444c8ddddb267d9a59b) Importer(815301076,1909f56bfc062723c751e8b465ee728b)  -> (artifact id: '897a12ee4f143b013891d32a58123144') in 0.008597 seconds 
  Import took 0.011842 seconds .

========================================================================
Received Import Request.
  Time since last request: 0.000434 seconds.
  path: Assets/Animater blendtree/Script/erika_archer@Crouch Torch Walk Left.fbx
  artifactKey: Guid(411e2cc4ace4e444c8ddddb267d9a59b) Importer(815301076,1909f56bfc062723c751e8b465ee728b)
Start importing Assets/Animater blendtree/Script/erika_archer@Crouch Torch Walk Left.fbx using Guid(411e2cc4ace4e444c8ddddb267d9a59b) Importer(815301076,1909f56bfc062723c751e8b465ee728b)  -> (artifact id: '897a12ee4f143b013891d32a58123144') in 0.006970 seconds 
  Import took 0.009859 seconds .

========================================================================
Received Import Request.
  Time since last request: 10.869641 seconds.
  path: Assets/Animater blendtree/Script/WalkLeft.fbx
  artifactKey: Guid(411e2cc4ace4e444c8ddddb267d9a59b) Importer(815301076,1909f56bfc062723c751e8b465ee728b)
Start importing Assets/Animater blendtree/Script/WalkLeft.fbx using Guid(411e2cc4ace4e444c8ddddb267d9a59b) Importer(815301076,1909f56bfc062723c751e8b465ee728b)  -> (artifact id: '82c223e27930627339851e4ce69c2e6e') in 0.010048 seconds 
  Import took 0.012387 seconds .

========================================================================
Received Import Request.
  Time since last request: 21.194118 seconds.
  path: Assets/Animater blendtree/Script/Leftwalk.fbx
  artifactKey: Guid(411e2cc4ace4e444c8ddddb267d9a59b) Importer(815301076,1909f56bfc062723c751e8b465ee728b)
Start importing Assets/Animater blendtree/Script/Leftwalk.fbx using Guid(411e2cc4ace4e444c8ddddb267d9a59b) Importer(815301076,1909f56bfc062723c751e8b465ee728b)  -> (artifact id: '772784cdca0e78d6ceef3b0dd3f00537') in 0.008804 seconds 
  Import took 0.011098 seconds .

========================================================================
Received Import Request.
  Time since last request: 1.500339 seconds.
  path: Assets/Animater blendtree/Script/erika_archer@Jog Forward.fbx
  artifactKey: Guid(6e8220a3a26ff404e9f21c9e5c5acf6b) Importer(815301076,1909f56bfc062723c751e8b465ee728b)
Start importing Assets/Animater blendtree/Script/erika_archer@Jog Forward.fbx using Guid(6e8220a3a26ff404e9f21c9e5c5acf6b) Importer(815301076,1909f56bfc062723c751e8b465ee728b)  -> (artifact id: 'b4bed1b4d80d1bee49543540458ccc90') in 0.011521 seconds 
  Import took 0.013900 seconds .

========================================================================
Received Import Request.
  Time since last request: 0.001358 seconds.
  path: Assets/Animater blendtree/Script/erika_archer@Jog Forward.fbx
  artifactKey: Guid(6e8220a3a26ff404e9f21c9e5c5acf6b) Importer(815301076,1909f56bfc062723c751e8b465ee728b)
Start importing Assets/Animater blendtree/Script/erika_archer@Jog Forward.fbx using Guid(6e8220a3a26ff404e9f21c9e5c5acf6b) Importer(815301076,1909f56bfc062723c751e8b465ee728b)  -> (artifact id: 'b4bed1b4d80d1bee49543540458ccc90') in 0.005829 seconds 
  Import took 0.007994 seconds .

========================================================================
Received Import Request.
  Time since last request: 16.513162 seconds.
  path: Assets/Animater blendtree/Script/ForwardWalk.fbx
  artifactKey: Guid(6e8220a3a26ff404e9f21c9e5c5acf6b) Importer(815301076,1909f56bfc062723c751e8b465ee728b)
Start importing Assets/Animater blendtree/Script/ForwardWalk.fbx using Guid(6e8220a3a26ff404e9f21c9e5c5acf6b) Importer(815301076,1909f56bfc062723c751e8b465ee728b)  -> (artifact id: '86e06278f1b0c38bbc9ee299a4e88318') in 0.010228 seconds 
  Import took 0.012816 seconds .

========================================================================
Received Import Request.
  Time since last request: 1.481654 seconds.
  path: Assets/Animater blendtree/Script/erika_archer@Standing Walk Right.fbx
  artifactKey: Guid(0f77078369e1f834a9a01d14d14d8a2a) Importer(815301076,1909f56bfc062723c751e8b465ee728b)
Start importing Assets/Animater blendtree/Script/erika_archer@Standing Walk Right.fbx using Guid(0f77078369e1f834a9a01d14d14d8a2a) Importer(815301076,1909f56bfc062723c751e8b465ee728b)  -> (artifact id: '3cd2302f7e92db2074f6b286a5794fbf') in 0.010762 seconds 
  Import took 0.013419 seconds .

========================================================================
Received Import Request.
  Time since last request: 6.244021 seconds.
  path: Assets/Animater blendtree/Script/RightWalk.fbx
  artifactKey: Guid(0f77078369e1f834a9a01d14d14d8a2a) Importer(815301076,1909f56bfc062723c751e8b465ee728b)
Start importing Assets/Animater blendtree/Script/RightWalk.fbx using Guid(0f77078369e1f834a9a01d14d14d8a2a) Importer(815301076,1909f56bfc062723c751e8b465ee728b)  -> (artifact id: 'acfea1a7650c53febc639589ff771643') in 0.008262 seconds 
  Import took 0.010528 seconds .

========================================================================
Received Import Request.
  Time since last request: 2.958980 seconds.
  path: Assets/Animater blendtree/Script/erika_archer@Walking Backwards (1).fbx
  artifactKey: Guid(f14eb562b1687c040ae8797ccc898863) Importer(815301076,1909f56bfc062723c751e8b465ee728b)
Start importing Assets/Animater blendtree/Script/erika_archer@Walking Backwards (1).fbx using Guid(f14eb562b1687c040ae8797ccc898863) Importer(815301076,1909f56bfc062723c751e8b465ee728b)  -> (artifact id: '0e5ce41a05d688c4c937cf09a97da84c') in 0.008500 seconds 
  Import took 0.010736 seconds .

========================================================================
Received Import Request.
  Time since last request: 0.006188 seconds.
  path: Assets/Animater blendtree/Script/erika_archer@Walking Backwards (1).fbx
  artifactKey: Guid(f14eb562b1687c040ae8797ccc898863) Importer(815301076,1909f56bfc062723c751e8b465ee728b)
Start importing Assets/Animater blendtree/Script/erika_archer@Walking Backwards (1).fbx using Guid(f14eb562b1687c040ae8797ccc898863) Importer(815301076,1909f56bfc062723c751e8b465ee728b)  -> (artifact id: '0e5ce41a05d688c4c937cf09a97da84c') in 0.005571 seconds 
  Import took 0.008123 seconds .

========================================================================
Received Import Request.
  Time since last request: 5.391891 seconds.
  path: Assets/Animater blendtree/Script/BackWalk.fbx
  artifactKey: Guid(f14eb562b1687c040ae8797ccc898863) Importer(815301076,1909f56bfc062723c751e8b465ee728b)
Start importing Assets/Animater blendtree/Script/BackWalk.fbx using Guid(f14eb562b1687c040ae8797ccc898863) Importer(815301076,1909f56bfc062723c751e8b465ee728b)  -> (artifact id: '85985716e915939e7f5653c8eaa01182') in 0.008570 seconds 
  Import took 0.011292 seconds .

========================================================================
Received Import Request.
  Time since last request: 123.855589 seconds.
  path: Assets/Animater blendtree/Script/BackWalk.fbx
  artifactKey: Guid(f14eb562b1687c040ae8797ccc898863) Importer(815301076,1909f56bfc062723c751e8b465ee728b)
Start importing Assets/Animater blendtree/Script/BackWalk.fbx using Guid(f14eb562b1687c040ae8797ccc898863) Importer(815301076,1909f56bfc062723c751e8b465ee728b)  -> (artifact id: '4ef680ff72b85ad6f99952fee9209325') in 0.005179 seconds 
  Import took 0.007630 seconds .

========================================================================
Received Import Request.
  Time since last request: 27.666981 seconds.
  path: Assets/Animater blendtree/Script/ForwardWalk.fbx
  artifactKey: Guid(6e8220a3a26ff404e9f21c9e5c5acf6b) Importer(815301076,1909f56bfc062723c751e8b465ee728b)
Start importing Assets/Animater blendtree/Script/ForwardWalk.fbx using Guid(6e8220a3a26ff404e9f21c9e5c5acf6b) Importer(815301076,1909f56bfc062723c751e8b465ee728b)  -> (artifact id: '60e50ee467feea21fce3231dcbb9a8d8') in 0.005458 seconds 
  Import took 0.007729 seconds .

========================================================================
Received Import Request.
  Time since last request: 10.099368 seconds.
  path: Assets/Animater blendtree/Script/Leftwalk.fbx
  artifactKey: Guid(411e2cc4ace4e444c8ddddb267d9a59b) Importer(815301076,1909f56bfc062723c751e8b465ee728b)
Start importing Assets/Animater blendtree/Script/Leftwalk.fbx using Guid(411e2cc4ace4e444c8ddddb267d9a59b) Importer(815301076,1909f56bfc062723c751e8b465ee728b)  -> (artifact id: 'c99941074ceffdb4492556a1606bb569') in 0.007227 seconds 
  Import took 0.009884 seconds .

========================================================================
Received Import Request.
  Time since last request: 20.688600 seconds.
  path: Assets/Animater blendtree/Script/RightWalk.fbx
  artifactKey: Guid(0f77078369e1f834a9a01d14d14d8a2a) Importer(815301076,1909f56bfc062723c751e8b465ee728b)
Start importing Assets/Animater blendtree/Script/RightWalk.fbx using Guid(0f77078369e1f834a9a01d14d14d8a2a) Importer(815301076,1909f56bfc062723c751e8b465ee728b)  -> (artifact id: '2647a4bfc0273d28d978a46e76fde7ca') in 0.005510 seconds 
  Import took 0.008518 seconds .

========================================================================
Received Import Request.
  Time since last request: 49.681392 seconds.
  path: Assets/animation
  artifactKey: Guid(f6fac489bcc2e5047be77e4dc2215461) Importer(815301076,1909f56bfc062723c751e8b465ee728b)
Start importing Assets/animation using Guid(f6fac489bcc2e5047be77e4dc2215461) Importer(815301076,1909f56bfc062723c751e8b465ee728b)  -> (artifact id: 'a327520f23fe5435e4eadb60b4391fb0') in 0.005186 seconds 
  Import took 0.007314 seconds .

========================================================================
Received Import Request.
  Time since last request: 0.000692 seconds.
  path: Assets/animation
  artifactKey: Guid(f6fac489bcc2e5047be77e4dc2215461) Importer(815301076,1909f56bfc062723c751e8b465ee728b)
Start importing Assets/animation using Guid(f6fac489bcc2e5047be77e4dc2215461) Importer(815301076,1909f56bfc062723c751e8b465ee728b)  -> (artifact id: 'a327520f23fe5435e4eadb60b4391fb0') in 0.002561 seconds 
  Import took 0.004952 seconds .

========================================================================
Received Prepare
Registering precompiled user dll's ...
Registered in 0.002124 seconds.
Begin MonoManager ReloadAssembly
Native extension for WindowsStandalone target not found
Refreshing native plugins compatible for Editor in 0.28 ms, found 2 plugins.
Preloading 0 native plugins for Editor in 0.00 ms.
Mono: successfully reloaded assembly
- Completed reload, in  0.766 seconds
Domain Reload Profiling:
	ReloadAssembly (766ms)
		BeginReloadAssembly (89ms)
			ExecutionOrderSort (0ms)
			DisableScriptedObjects (4ms)
			BackupInstance (0ms)
			ReleaseScriptingObjects (0ms)
			CreateAndSetChildDomain (24ms)
		EndReloadAssembly (627ms)
			LoadAssemblies (65ms)
			RebuildTransferFunctionScriptingTraits (0ms)
			SetupTypeCache (210ms)
			ReleaseScriptCaches (1ms)
			RebuildScriptCaches (31ms)
			SetupLoadedEditorAssemblies (238ms)
				LogAssemblyErrors (0ms)
				InitializePlatformSupportModulesInManaged (4ms)
				SetLoadedEditorAssemblies (0ms)
				RefreshPlugins (0ms)
				BeforeProcessingInitializeOnLoad (57ms)
				ProcessInitializeOnLoadAttributes (168ms)
				ProcessInitializeOnLoadMethodAttributes (3ms)
				AfterProcessingInitializeOnLoad (5ms)
				EditorAssembliesLoaded (0ms)
			ExecutionOrderSort2 (0ms)
			AwakeInstancesAfterBackupRestoration (5ms)
Platform modules already initialized, skipping
Refreshing native plugins compatible for Editor in 0.28 ms, found 2 plugins.
Preloading 0 native plugins for Editor in 0.00 ms.
Unloading 1394 Unused Serialized files (Serialized files now loaded: 0)
System memory in use before: 95.9 MB.
System memory in use after: 96.0 MB.

Unloading 11 unused Assets to reduce memory usage. Loaded Objects now: 1889.
Total: 2.386400 ms (FindLiveObjects: 0.111100 ms CreateObjectMapping: 0.032900 ms MarkObjects: 2.228800 ms  DeleteObjects: 0.012900 ms)

AssetImportParameters requested are different than current active one (requested -> active):
  custom:framework-win-MediaFoundation: 216162199b28c13a410421893ffa2e32 -> 
  custom:video-decoder-ogg-theora: a1e56fd34408186e4bbccfd4996cb3dc -> 
  custom:container-muxer-webm: aa71ff27fc2769a1b78a27578f13a17b -> 
  custom:container-demuxer-webm: 4f35f7cbe854078d1ac9338744f61a02 -> 
  custom:container-demuxer-ogg: 62fdf1f143b41e24485cea50d1cbac27 -> 
  custom:video-encoder-webm-vp8: eb34c28f22e8b96e1ab97ce403110664 -> 
  custom:video-decoder-webm-vp8: 9c59270c3fd7afecdb556c50c9e8de78 -> 
  custom:audio-decoder-ogg-vorbis: bf7c407c2cedff20999df2af8eb42d56 -> 
  custom:audio-encoder-webm-vorbis: bf7c407c2cedff20999df2af8eb42d56 -> 
========================================================================
Received Prepare
Registering precompiled user dll's ...
Registered in 0.001849 seconds.
Begin MonoManager ReloadAssembly
Native extension for WindowsStandalone target not found
Refreshing native plugins compatible for Editor in 0.31 ms, found 2 plugins.
Preloading 0 native plugins for Editor in 0.00 ms.
Mono: successfully reloaded assembly
- Completed reload, in  0.761 seconds
Domain Reload Profiling:
	ReloadAssembly (761ms)
		BeginReloadAssembly (105ms)
			ExecutionOrderSort (0ms)
			DisableScriptedObjects (4ms)
			BackupInstance (0ms)
			ReleaseScriptingObjects (0ms)
			CreateAndSetChildDomain (31ms)
		EndReloadAssembly (606ms)
			LoadAssemblies (65ms)
			RebuildTransferFunctionScriptingTraits (0ms)
			SetupTypeCache (209ms)
			ReleaseScriptCaches (1ms)
			RebuildScriptCaches (31ms)
			SetupLoadedEditorAssemblies (222ms)
				LogAssemblyErrors (0ms)
				InitializePlatformSupportModulesInManaged (4ms)
				SetLoadedEditorAssemblies (0ms)
				RefreshPlugins (0ms)
				BeforeProcessingInitializeOnLoad (57ms)
				ProcessInitializeOnLoadAttributes (152ms)
				ProcessInitializeOnLoadMethodAttributes (3ms)
				AfterProcessingInitializeOnLoad (5ms)
				EditorAssembliesLoaded (0ms)
			ExecutionOrderSort2 (0ms)
			AwakeInstancesAfterBackupRestoration (5ms)
Platform modules already initialized, skipping
Refreshing native plugins compatible for Editor in 0.27 ms, found 2 plugins.
Preloading 0 native plugins for Editor in 0.00 ms.
Unloading 1394 Unused Serialized files (Serialized files now loaded: 0)
System memory in use before: 95.9 MB.
System memory in use after: 96.0 MB.

Unloading 11 unused Assets to reduce memory usage. Loaded Objects now: 1891.
Total: 2.640500 ms (FindLiveObjects: 0.176700 ms CreateObjectMapping: 0.050700 ms MarkObjects: 2.396500 ms  DeleteObjects: 0.015300 ms)

AssetImportParameters requested are different than current active one (requested -> active):
  custom:framework-win-MediaFoundation: 216162199b28c13a410421893ffa2e32 -> 
  custom:video-decoder-ogg-theora: a1e56fd34408186e4bbccfd4996cb3dc -> 
  custom:container-muxer-webm: aa71ff27fc2769a1b78a27578f13a17b -> 
  custom:container-demuxer-webm: 4f35f7cbe854078d1ac9338744f61a02 -> 
  custom:container-demuxer-ogg: 62fdf1f143b41e24485cea50d1cbac27 -> 
  custom:video-encoder-webm-vp8: eb34c28f22e8b96e1ab97ce403110664 -> 
  custom:video-decoder-webm-vp8: 9c59270c3fd7afecdb556c50c9e8de78 -> 
  custom:audio-decoder-ogg-vorbis: bf7c407c2cedff20999df2af8eb42d56 -> 
  custom:audio-encoder-webm-vorbis: bf7c407c2cedff20999df2af8eb42d56 -> 
========================================================================
Received Import Request.
  Time since last request: 1730.566845 seconds.
  path: Assets/Animater blendtree/animater Scene.unity
  artifactKey: Guid(283e59504e8b9b943b53ee4df24e813c) Importer(815301076,1909f56bfc062723c751e8b465ee728b)
Start importing Assets/Animater blendtree/animater Scene.unity using Guid(283e59504e8b9b943b53ee4df24e813c) Importer(815301076,1909f56bfc062723c751e8b465ee728b)  -> (artifact id: '1bddba0515f10f74d4b4d6f8b977dfd5') in 0.014195 seconds 
  Import took 0.016942 seconds .

========================================================================
Received Prepare
Registering precompiled user dll's ...
Registered in 0.001968 seconds.
Begin MonoManager ReloadAssembly
Native extension for WindowsStandalone target not found
Refreshing native plugins compatible for Editor in 0.27 ms, found 2 plugins.
Preloading 0 native plugins for Editor in 0.00 ms.
Mono: successfully reloaded assembly
- Completed reload, in  0.776 seconds
Domain Reload Profiling:
	ReloadAssembly (777ms)
		BeginReloadAssembly (105ms)
			ExecutionOrderSort (0ms)
			DisableScriptedObjects (4ms)
			BackupInstance (0ms)
			ReleaseScriptingObjects (0ms)
			CreateAndSetChildDomain (32ms)
		EndReloadAssembly (621ms)
			LoadAssemblies (65ms)
			RebuildTransferFunctionScriptingTraits (0ms)
			SetupTypeCache (211ms)
			ReleaseScriptCaches (1ms)
			RebuildScriptCaches (31ms)
			SetupLoadedEditorAssemblies (227ms)
				LogAssemblyErrors (0ms)
				InitializePlatformSupportModulesInManaged (4ms)
				SetLoadedEditorAssemblies (0ms)
				RefreshPlugins (0ms)
				BeforeProcessingInitializeOnLoad (57ms)
				ProcessInitializeOnLoadAttributes (157ms)
				ProcessInitializeOnLoadMethodAttributes (4ms)
				AfterProcessingInitializeOnLoad (5ms)
				EditorAssembliesLoaded (0ms)
			ExecutionOrderSort2 (0ms)
			AwakeInstancesAfterBackupRestoration (7ms)
Platform modules already initialized, skipping
Refreshing native plugins compatible for Editor in 0.28 ms, found 2 plugins.
Preloading 0 native plugins for Editor in 0.00 ms.
Unloading 1394 Unused Serialized files (Serialized files now loaded: 0)
System memory in use before: 95.9 MB.
System memory in use after: 96.0 MB.

Unloading 11 unused Assets to reduce memory usage. Loaded Objects now: 1893.
Total: 2.389500 ms (FindLiveObjects: 0.132500 ms CreateObjectMapping: 0.038500 ms MarkObjects: 2.205600 ms  DeleteObjects: 0.011800 ms)

AssetImportParameters requested are different than current active one (requested -> active):
  custom:framework-win-MediaFoundation: 216162199b28c13a410421893ffa2e32 -> 
  custom:video-decoder-ogg-theora: a1e56fd34408186e4bbccfd4996cb3dc -> 
  custom:container-muxer-webm: aa71ff27fc2769a1b78a27578f13a17b -> 
  custom:container-demuxer-webm: 4f35f7cbe854078d1ac9338744f61a02 -> 
  custom:container-demuxer-ogg: 62fdf1f143b41e24485cea50d1cbac27 -> 
  custom:video-encoder-webm-vp8: eb34c28f22e8b96e1ab97ce403110664 -> 
  custom:video-decoder-webm-vp8: 9c59270c3fd7afecdb556c50c9e8de78 -> 
  custom:audio-decoder-ogg-vorbis: bf7c407c2cedff20999df2af8eb42d56 -> 
  custom:audio-encoder-webm-vorbis: bf7c407c2cedff20999df2af8eb42d56 -> 
========================================================================
Received Import Request.
  Time since last request: 22.680997 seconds.
  path: Assets/animation/BackWalk.fbx
  artifactKey: Guid(f14eb562b1687c040ae8797ccc898863) Importer(815301076,1909f56bfc062723c751e8b465ee728b)
Start importing Assets/animation/BackWalk.fbx using Guid(f14eb562b1687c040ae8797ccc898863) Importer(815301076,1909f56bfc062723c751e8b465ee728b)  -> (artifact id: '014325b7da5eea96b980ae2bc4dd40fa') in 0.021463 seconds 
  Import took 0.023513 seconds .

========================================================================
Received Import Request.
  Time since last request: 2.304529 seconds.
  path: Assets/animation/ForwardWalk.fbx
  artifactKey: Guid(6e8220a3a26ff404e9f21c9e5c5acf6b) Importer(815301076,1909f56bfc062723c751e8b465ee728b)
Start importing Assets/animation/ForwardWalk.fbx using Guid(6e8220a3a26ff404e9f21c9e5c5acf6b) Importer(815301076,1909f56bfc062723c751e8b465ee728b)  -> (artifact id: 'e5858558d0dea84d080a6831179eeb4a') in 0.006116 seconds 
  Import took 0.009032 seconds .

========================================================================
Received Import Request.
  Time since last request: 3.117442 seconds.
  path: Assets/animation/Leftwalk.fbx
  artifactKey: Guid(411e2cc4ace4e444c8ddddb267d9a59b) Importer(815301076,1909f56bfc062723c751e8b465ee728b)
Start importing Assets/animation/Leftwalk.fbx using Guid(411e2cc4ace4e444c8ddddb267d9a59b) Importer(815301076,1909f56bfc062723c751e8b465ee728b)  -> (artifact id: 'd5dd8ff2d135d75f9638fa1de7cc5d1b') in 0.008108 seconds 
  Import took 0.010538 seconds .

========================================================================
Received Import Request.
  Time since last request: 2.795822 seconds.
  path: Assets/animation/RightWalk.fbx
  artifactKey: Guid(0f77078369e1f834a9a01d14d14d8a2a) Importer(815301076,1909f56bfc062723c751e8b465ee728b)
Start importing Assets/animation/RightWalk.fbx using Guid(0f77078369e1f834a9a01d14d14d8a2a) Importer(815301076,1909f56bfc062723c751e8b465ee728b)  -> (artifact id: 'e5893d8a4883979f9bd7ff207878269b') in 0.006491 seconds 
  Import took 0.008828 seconds .

========================================================================
Received Prepare
Registering precompiled user dll's ...
Registered in 0.002222 seconds.
Begin MonoManager ReloadAssembly
Native extension for WindowsStandalone target not found
Refreshing native plugins compatible for Editor in 0.60 ms, found 2 plugins.
Preloading 0 native plugins for Editor in 0.00 ms.
Mono: successfully reloaded assembly
- Completed reload, in  0.902 seconds
Domain Reload Profiling:
	ReloadAssembly (902ms)
		BeginReloadAssembly (99ms)
			ExecutionOrderSort (0ms)
			DisableScriptedObjects (4ms)
			BackupInstance (0ms)
			ReleaseScriptingObjects (0ms)
			CreateAndSetChildDomain (28ms)
		EndReloadAssembly (746ms)
			LoadAssemblies (73ms)
			RebuildTransferFunctionScriptingTraits (0ms)
			SetupTypeCache (236ms)
			ReleaseScriptCaches (1ms)
			RebuildScriptCaches (35ms)
			SetupLoadedEditorAssemblies (301ms)
				LogAssemblyErrors (0ms)
				InitializePlatformSupportModulesInManaged (6ms)
				SetLoadedEditorAssemblies (1ms)
				RefreshPlugins (1ms)
				BeforeProcessingInitializeOnLoad (68ms)
				ProcessInitializeOnLoadAttributes (214ms)
				ProcessInitializeOnLoadMethodAttributes (5ms)
				AfterProcessingInitializeOnLoad (6ms)
				EditorAssembliesLoaded (0ms)
			ExecutionOrderSort2 (0ms)
			AwakeInstancesAfterBackupRestoration (10ms)
Platform modules already initialized, skipping
Refreshing native plugins compatible for Editor in 0.31 ms, found 2 plugins.
Preloading 0 native plugins for Editor in 0.00 ms.
Unloading 1394 Unused Serialized files (Serialized files now loaded: 0)
System memory in use before: 96.0 MB.
System memory in use after: 96.1 MB.

Unloading 11 unused Assets to reduce memory usage. Loaded Objects now: 1895.
Total: 2.426700 ms (FindLiveObjects: 0.124300 ms CreateObjectMapping: 0.041100 ms MarkObjects: 2.246200 ms  DeleteObjects: 0.014000 ms)

AssetImportParameters requested are different than current active one (requested -> active):
  custom:framework-win-MediaFoundation: 216162199b28c13a410421893ffa2e32 -> 
  custom:video-decoder-ogg-theora: a1e56fd34408186e4bbccfd4996cb3dc -> 
  custom:container-muxer-webm: aa71ff27fc2769a1b78a27578f13a17b -> 
  custom:container-demuxer-webm: 4f35f7cbe854078d1ac9338744f61a02 -> 
  custom:container-demuxer-ogg: 62fdf1f143b41e24485cea50d1cbac27 -> 
  custom:video-encoder-webm-vp8: eb34c28f22e8b96e1ab97ce403110664 -> 
  custom:video-decoder-webm-vp8: 9c59270c3fd7afecdb556c50c9e8de78 -> 
  custom:audio-decoder-ogg-vorbis: bf7c407c2cedff20999df2af8eb42d56 -> 
  custom:audio-encoder-webm-vorbis: bf7c407c2cedff20999df2af8eb42d56 -> 
========================================================================
Received Prepare
Registering precompiled user dll's ...
Registered in 0.002208 seconds.
Begin MonoManager ReloadAssembly
Native extension for WindowsStandalone target not found
Refreshing native plugins compatible for Editor in 0.32 ms, found 2 plugins.
Preloading 0 native plugins for Editor in 0.00 ms.
Mono: successfully reloaded assembly
- Completed reload, in  0.790 seconds
Domain Reload Profiling:
	ReloadAssembly (791ms)
		BeginReloadAssembly (113ms)
			ExecutionOrderSort (0ms)
			DisableScriptedObjects (4ms)
			BackupInstance (0ms)
			ReleaseScriptingObjects (0ms)
			CreateAndSetChildDomain (32ms)
		EndReloadAssembly (628ms)
			LoadAssemblies (65ms)
			RebuildTransferFunctionScriptingTraits (0ms)
			SetupTypeCache (216ms)
			ReleaseScriptCaches (1ms)
			RebuildScriptCaches (31ms)
			SetupLoadedEditorAssemblies (224ms)
				LogAssemblyErrors (0ms)
				InitializePlatformSupportModulesInManaged (4ms)
				SetLoadedEditorAssemblies (0ms)
				RefreshPlugins (0ms)
				BeforeProcessingInitializeOnLoad (58ms)
				ProcessInitializeOnLoadAttributes (153ms)
				ProcessInitializeOnLoadMethodAttributes (3ms)
				AfterProcessingInitializeOnLoad (5ms)
				EditorAssembliesLoaded (0ms)
			ExecutionOrderSort2 (0ms)
			AwakeInstancesAfterBackupRestoration (5ms)
Platform modules already initialized, skipping
Refreshing native plugins compatible for Editor in 0.28 ms, found 2 plugins.
Preloading 0 native plugins for Editor in 0.00 ms.
Unloading 1394 Unused Serialized files (Serialized files now loaded: 0)
System memory in use before: 96.0 MB.
System memory in use after: 96.1 MB.

Unloading 11 unused Assets to reduce memory usage. Loaded Objects now: 1897.
Total: 2.245100 ms (FindLiveObjects: 0.122800 ms CreateObjectMapping: 0.038700 ms MarkObjects: 2.067800 ms  DeleteObjects: 0.011400 ms)

AssetImportParameters requested are different than current active one (requested -> active):
  custom:framework-win-MediaFoundation: 216162199b28c13a410421893ffa2e32 -> 
  custom:video-decoder-ogg-theora: a1e56fd34408186e4bbccfd4996cb3dc -> 
  custom:container-muxer-webm: aa71ff27fc2769a1b78a27578f13a17b -> 
  custom:container-demuxer-webm: 4f35f7cbe854078d1ac9338744f61a02 -> 
  custom:container-demuxer-ogg: 62fdf1f143b41e24485cea50d1cbac27 -> 
  custom:video-encoder-webm-vp8: eb34c28f22e8b96e1ab97ce403110664 -> 
  custom:video-decoder-webm-vp8: 9c59270c3fd7afecdb556c50c9e8de78 -> 
  custom:audio-decoder-ogg-vorbis: bf7c407c2cedff20999df2af8eb42d56 -> 
  custom:audio-encoder-webm-vorbis: bf7c407c2cedff20999df2af8eb42d56 -> 
========================================================================
Received Prepare
Registering precompiled user dll's ...
Registered in 0.002114 seconds.
Begin MonoManager ReloadAssembly
Native extension for WindowsStandalone target not found
Refreshing native plugins compatible for Editor in 0.27 ms, found 2 plugins.
Preloading 0 native plugins for Editor in 0.00 ms.
Mono: successfully reloaded assembly
- Completed reload, in  0.873 seconds
Domain Reload Profiling:
	ReloadAssembly (873ms)
		BeginReloadAssembly (95ms)
			ExecutionOrderSort (0ms)
			DisableScriptedObjects (4ms)
			BackupInstance (0ms)
			ReleaseScriptingObjects (0ms)
			CreateAndSetChildDomain (28ms)
		EndReloadAssembly (722ms)
			LoadAssemblies (73ms)
			RebuildTransferFunctionScriptingTraits (0ms)
			SetupTypeCache (239ms)
			ReleaseScriptCaches (1ms)
			RebuildScriptCaches (34ms)
			SetupLoadedEditorAssemblies (279ms)
				LogAssemblyErrors (0ms)
				InitializePlatformSupportModulesInManaged (4ms)
				SetLoadedEditorAssemblies (0ms)
				RefreshPlugins (0ms)
				BeforeProcessingInitializeOnLoad (65ms)
				ProcessInitializeOnLoadAttributes (198ms)
				ProcessInitializeOnLoadMethodAttributes (5ms)
				AfterProcessingInitializeOnLoad (6ms)
				EditorAssembliesLoaded (0ms)
			ExecutionOrderSort2 (0ms)
			AwakeInstancesAfterBackupRestoration (8ms)
Platform modules already initialized, skipping
Refreshing native plugins compatible for Editor in 0.27 ms, found 2 plugins.
Preloading 0 native plugins for Editor in 0.00 ms.
Unloading 1394 Unused Serialized files (Serialized files now loaded: 0)
System memory in use before: 96.0 MB.
System memory in use after: 96.1 MB.

Unloading 11 unused Assets to reduce memory usage. Loaded Objects now: 1899.
Total: 2.339200 ms (FindLiveObjects: 0.153500 ms CreateObjectMapping: 0.040800 ms MarkObjects: 2.128900 ms  DeleteObjects: 0.014900 ms)

AssetImportParameters requested are different than current active one (requested -> active):
  custom:framework-win-MediaFoundation: 216162199b28c13a410421893ffa2e32 -> 
  custom:video-decoder-ogg-theora: a1e56fd34408186e4bbccfd4996cb3dc -> 
  custom:container-muxer-webm: aa71ff27fc2769a1b78a27578f13a17b -> 
  custom:container-demuxer-webm: 4f35f7cbe854078d1ac9338744f61a02 -> 
  custom:container-demuxer-ogg: 62fdf1f143b41e24485cea50d1cbac27 -> 
  custom:video-encoder-webm-vp8: eb34c28f22e8b96e1ab97ce403110664 -> 
  custom:video-decoder-webm-vp8: 9c59270c3fd7afecdb556c50c9e8de78 -> 
  custom:audio-decoder-ogg-vorbis: bf7c407c2cedff20999df2af8eb42d56 -> 
  custom:audio-encoder-webm-vorbis: bf7c407c2cedff20999df2af8eb42d56 -> 
========================================================================
Received Prepare
Registering precompiled user dll's ...
Registered in 0.002136 seconds.
Begin MonoManager ReloadAssembly
Native extension for WindowsStandalone target not found
Refreshing native plugins compatible for Editor in 0.28 ms, found 2 plugins.
Preloading 0 native plugins for Editor in 0.00 ms.
Mono: successfully reloaded assembly
- Completed reload, in  0.922 seconds
Domain Reload Profiling:
	ReloadAssembly (922ms)
		BeginReloadAssembly (105ms)
			ExecutionOrderSort (0ms)
			DisableScriptedObjects (4ms)
			BackupInstance (0ms)
			ReleaseScriptingObjects (0ms)
			CreateAndSetChildDomain (30ms)
		EndReloadAssembly (758ms)
			LoadAssemblies (75ms)
			RebuildTransferFunctionScriptingTraits (0ms)
			SetupTypeCache (242ms)
			ReleaseScriptCaches (1ms)
			RebuildScriptCaches (34ms)
			SetupLoadedEditorAssemblies (316ms)
				LogAssemblyErrors (0ms)
				InitializePlatformSupportModulesInManaged (4ms)
				SetLoadedEditorAssemblies (0ms)
				RefreshPlugins (0ms)
				BeforeProcessingInitializeOnLoad (66ms)
				ProcessInitializeOnLoadAttributes (234ms)
				ProcessInitializeOnLoadMethodAttributes (5ms)
				AfterProcessingInitializeOnLoad (5ms)
				EditorAssembliesLoaded (0ms)
			ExecutionOrderSort2 (0ms)
			AwakeInstancesAfterBackupRestoration (7ms)
Platform modules already initialized, skipping
Refreshing native plugins compatible for Editor in 0.29 ms, found 2 plugins.
Preloading 0 native plugins for Editor in 0.00 ms.
Unloading 1394 Unused Serialized files (Serialized files now loaded: 0)
System memory in use before: 96.0 MB.
System memory in use after: 96.1 MB.

Unloading 11 unused Assets to reduce memory usage. Loaded Objects now: 1901.
Total: 2.415800 ms (FindLiveObjects: 0.149600 ms CreateObjectMapping: 0.036000 ms MarkObjects: 2.212700 ms  DeleteObjects: 0.016000 ms)

AssetImportParameters requested are different than current active one (requested -> active):
  custom:framework-win-MediaFoundation: 216162199b28c13a410421893ffa2e32 -> 
  custom:video-decoder-ogg-theora: a1e56fd34408186e4bbccfd4996cb3dc -> 
  custom:container-muxer-webm: aa71ff27fc2769a1b78a27578f13a17b -> 
  custom:container-demuxer-webm: 4f35f7cbe854078d1ac9338744f61a02 -> 
  custom:container-demuxer-ogg: 62fdf1f143b41e24485cea50d1cbac27 -> 
  custom:video-encoder-webm-vp8: eb34c28f22e8b96e1ab97ce403110664 -> 
  custom:video-decoder-webm-vp8: 9c59270c3fd7afecdb556c50c9e8de78 -> 
  custom:audio-decoder-ogg-vorbis: bf7c407c2cedff20999df2af8eb42d56 -> 
  custom:audio-encoder-webm-vorbis: bf7c407c2cedff20999df2af8eb42d56 -> 
========================================================================
Received Import Request.
  Time since last request: 462.181455 seconds.
  path: Assets/Scenes/game.unity
  artifactKey: Guid(9fc0d4010bbf28b4594072e72b8655ab) Importer(815301076,1909f56bfc062723c751e8b465ee728b)
Start importing Assets/Scenes/game.unity using Guid(9fc0d4010bbf28b4594072e72b8655ab) Importer(815301076,1909f56bfc062723c751e8b465ee728b)  -> (artifact id: '4e7c1ebda454d9ac97ccfd8b0abeddd3') in 0.013591 seconds 
  Import took 0.015929 seconds .

========================================================================
Received Import Request.
  Time since last request: 4.703605 seconds.
  path: Assets/Script/Lifecy.cs
  artifactKey: Guid(3ee08f944d524cc489a809cb5e43ee94) Importer(815301076,1909f56bfc062723c751e8b465ee728b)
Start importing Assets/Script/Lifecy.cs using Guid(3ee08f944d524cc489a809cb5e43ee94) Importer(815301076,1909f56bfc062723c751e8b465ee728b)  -> (artifact id: '7dfd865556cf31a8b790777bbd56b107') in 0.005804 seconds 
  Import took 0.008156 seconds .

========================================================================
Received Import Request.
  Time since last request: 0.043556 seconds.
  path: Assets/Script/Lifecy.cs
  artifactKey: Guid(3ee08f944d524cc489a809cb5e43ee94) Importer(815301076,1909f56bfc062723c751e8b465ee728b)
Start importing Assets/Script/Lifecy.cs using Guid(3ee08f944d524cc489a809cb5e43ee94) Importer(815301076,1909f56bfc062723c751e8b465ee728b)  -> (artifact id: '7dfd865556cf31a8b790777bbd56b107') in 0.001885 seconds 
  Import took 0.004043 seconds .

========================================================================
Received Import Request.
  Time since last request: 455.286157 seconds.
  path: Assets/Animater blendtree/Script/BlendAnimation.cs
  artifactKey: Guid(8ea7ee42fd5fb914c85ae1680d497a24) Importer(815301076,1909f56bfc062723c751e8b465ee728b)
Start importing Assets/Animater blendtree/Script/BlendAnimation.cs using Guid(8ea7ee42fd5fb914c85ae1680d497a24) Importer(815301076,1909f56bfc062723c751e8b465ee728b)  -> (artifact id: '6cc62e1a599574df51486b81bb541cfa') in 0.001760 seconds 
  Import took 0.003832 seconds .

========================================================================
Received Import Request.
  Time since last request: 0.004424 seconds.
  path: Assets/Animater blendtree/Script/BlendAnimation.cs
  artifactKey: Guid(8ea7ee42fd5fb914c85ae1680d497a24) Importer(815301076,1909f56bfc062723c751e8b465ee728b)
Start importing Assets/Animater blendtree/Script/BlendAnimation.cs using Guid(8ea7ee42fd5fb914c85ae1680d497a24) Importer(815301076,1909f56bfc062723c751e8b465ee728b)  -> (artifact id: '6cc62e1a599574df51486b81bb541cfa') in 0.002012 seconds 
  Import took 0.004429 seconds .

========================================================================
Received Import Request.
  Time since last request: 51.618279 seconds.
  path: Assets/Animater blendtree/Script/BlendAnimation.cs
  artifactKey: Guid(8ea7ee42fd5fb914c85ae1680d497a24) Importer(815301076,1909f56bfc062723c751e8b465ee728b)
Start importing Assets/Animater blendtree/Script/BlendAnimation.cs using Guid(8ea7ee42fd5fb914c85ae1680d497a24) Importer(815301076,1909f56bfc062723c751e8b465ee728b)  -> (artifact id: 'd7c688d1d868d9e0ed69fe94985dfc10') in 0.001956 seconds 
  Import took 0.004273 seconds .

========================================================================
Received Prepare
Registering precompiled user dll's ...
Registered in 0.002012 seconds.
Begin MonoManager ReloadAssembly
Native extension for WindowsStandalone target not found
Refreshing native plugins compatible for Editor in 0.27 ms, found 2 plugins.
Preloading 0 native plugins for Editor in 0.00 ms.
Mono: successfully reloaded assembly
- Completed reload, in  0.820 seconds
Domain Reload Profiling:
	ReloadAssembly (820ms)
		BeginReloadAssembly (108ms)
			ExecutionOrderSort (0ms)
			DisableScriptedObjects (4ms)
			BackupInstance (0ms)
			ReleaseScriptingObjects (0ms)
			CreateAndSetChildDomain (30ms)
		EndReloadAssembly (660ms)
			LoadAssemblies (74ms)
			RebuildTransferFunctionScriptingTraits (0ms)
			SetupTypeCache (254ms)
			ReleaseScriptCaches (1ms)
			RebuildScriptCaches (36ms)
			SetupLoadedEditorAssemblies (222ms)
				LogAssemblyErrors (0ms)
				InitializePlatformSupportModulesInManaged (4ms)
				SetLoadedEditorAssemblies (0ms)
				RefreshPlugins (0ms)
				BeforeProcessingInitializeOnLoad (56ms)
				ProcessInitializeOnLoadAttributes (153ms)
				ProcessInitializeOnLoadMethodAttributes (3ms)
				AfterProcessingInitializeOnLoad (5ms)
				EditorAssembliesLoaded (0ms)
			ExecutionOrderSort2 (0ms)
			AwakeInstancesAfterBackupRestoration (5ms)
Platform modules already initialized, skipping
Refreshing native plugins compatible for Editor in 0.28 ms, found 2 plugins.
Preloading 0 native plugins for Editor in 0.00 ms.
Unloading 1394 Unused Serialized files (Serialized files now loaded: 0)
System memory in use before: 96.0 MB.
System memory in use after: 96.1 MB.

Unloading 11 unused Assets to reduce memory usage. Loaded Objects now: 1903.
Total: 2.724400 ms (FindLiveObjects: 0.217000 ms CreateObjectMapping: 0.047400 ms MarkObjects: 2.446300 ms  DeleteObjects: 0.012800 ms)

AssetImportParameters requested are different than current active one (requested -> active):
  custom:framework-win-MediaFoundation: 216162199b28c13a410421893ffa2e32 -> 
  custom:video-decoder-ogg-theora: a1e56fd34408186e4bbccfd4996cb3dc -> 
  custom:container-muxer-webm: aa71ff27fc2769a1b78a27578f13a17b -> 
  custom:container-demuxer-webm: 4f35f7cbe854078d1ac9338744f61a02 -> 
  custom:container-demuxer-ogg: 62fdf1f143b41e24485cea50d1cbac27 -> 
  custom:video-encoder-webm-vp8: eb34c28f22e8b96e1ab97ce403110664 -> 
  custom:video-decoder-webm-vp8: 9c59270c3fd7afecdb556c50c9e8de78 -> 
  custom:audio-decoder-ogg-vorbis: bf7c407c2cedff20999df2af8eb42d56 -> 
  custom:audio-encoder-webm-vorbis: bf7c407c2cedff20999df2af8eb42d56 -> 
========================================================================
Received Prepare
Registering precompiled user dll's ...
Registered in 0.001817 seconds.
Begin MonoManager ReloadAssembly
Native extension for WindowsStandalone target not found
Refreshing native plugins compatible for Editor in 0.33 ms, found 2 plugins.
Preloading 0 native plugins for Editor in 0.00 ms.
Mono: successfully reloaded assembly
- Completed reload, in  0.798 seconds
Domain Reload Profiling:
	ReloadAssembly (799ms)
		BeginReloadAssembly (100ms)
			ExecutionOrderSort (0ms)
			DisableScriptedObjects (4ms)
			BackupInstance (0ms)
			ReleaseScriptingObjects (0ms)
			CreateAndSetChildDomain (33ms)
		EndReloadAssembly (648ms)
			LoadAssemblies (73ms)
			RebuildTransferFunctionScriptingTraits (0ms)
			SetupTypeCache (218ms)
			ReleaseScriptCaches (1ms)
			RebuildScriptCaches (31ms)
			SetupLoadedEditorAssemblies (229ms)
				LogAssemblyErrors (0ms)
				InitializePlatformSupportModulesInManaged (5ms)
				SetLoadedEditorAssemblies (0ms)
				RefreshPlugins (0ms)
				BeforeProcessingInitializeOnLoad (57ms)
				ProcessInitializeOnLoadAttributes (158ms)
				ProcessInitializeOnLoadMethodAttributes (3ms)
				AfterProcessingInitializeOnLoad (5ms)
				EditorAssembliesLoaded (0ms)
			ExecutionOrderSort2 (0ms)
			AwakeInstancesAfterBackupRestoration (6ms)
Platform modules already initialized, skipping
Refreshing native plugins compatible for Editor in 0.26 ms, found 2 plugins.
Preloading 0 native plugins for Editor in 0.00 ms.
Unloading 1394 Unused Serialized files (Serialized files now loaded: 0)
System memory in use before: 96.0 MB.
System memory in use after: 96.1 MB.

Unloading 11 unused Assets to reduce memory usage. Loaded Objects now: 1905.
Total: 2.766500 ms (FindLiveObjects: 0.172400 ms CreateObjectMapping: 0.060700 ms MarkObjects: 2.513300 ms  DeleteObjects: 0.019100 ms)

AssetImportParameters requested are different than current active one (requested -> active):
  custom:framework-win-MediaFoundation: 216162199b28c13a410421893ffa2e32 -> 
  custom:video-decoder-ogg-theora: a1e56fd34408186e4bbccfd4996cb3dc -> 
  custom:container-muxer-webm: aa71ff27fc2769a1b78a27578f13a17b -> 
  custom:container-demuxer-webm: 4f35f7cbe854078d1ac9338744f61a02 -> 
  custom:container-demuxer-ogg: 62fdf1f143b41e24485cea50d1cbac27 -> 
  custom:video-encoder-webm-vp8: eb34c28f22e8b96e1ab97ce403110664 -> 
  custom:video-decoder-webm-vp8: 9c59270c3fd7afecdb556c50c9e8de78 -> 
  custom:audio-decoder-ogg-vorbis: bf7c407c2cedff20999df2af8eb42d56 -> 
  custom:audio-encoder-webm-vorbis: bf7c407c2cedff20999df2af8eb42d56 -> 
========================================================================
Received Import Request.
  Time since last request: 105.153346 seconds.
  path: Assets/Animater blendtree/Script/BlendAnimation.cs
  artifactKey: Guid(8ea7ee42fd5fb914c85ae1680d497a24) Importer(815301076,1909f56bfc062723c751e8b465ee728b)
Start importing Assets/Animater blendtree/Script/BlendAnimation.cs using Guid(8ea7ee42fd5fb914c85ae1680d497a24) Importer(815301076,1909f56bfc062723c751e8b465ee728b)  -> (artifact id: '0c68a3216403f7a7b5c1359d01112cf1') in 0.004612 seconds 
  Import took 0.007138 seconds .

========================================================================
Received Import Request.
  Time since last request: 0.001658 seconds.
  path: Assets/Animater blendtree/Script/BlendAnimation.cs
  artifactKey: Guid(8ea7ee42fd5fb914c85ae1680d497a24) Importer(815301076,1909f56bfc062723c751e8b465ee728b)
Start importing Assets/Animater blendtree/Script/BlendAnimation.cs using Guid(8ea7ee42fd5fb914c85ae1680d497a24) Importer(815301076,1909f56bfc062723c751e8b465ee728b)  -> (artifact id: '0c68a3216403f7a7b5c1359d01112cf1') in 0.002644 seconds 
  Import took 0.005631 seconds .

========================================================================
Received Prepare
Registering precompiled user dll's ...
Registered in 0.001835 seconds.
Begin MonoManager ReloadAssembly
Native extension for WindowsStandalone target not found
Refreshing native plugins compatible for Editor in 0.28 ms, found 2 plugins.
Preloading 0 native plugins for Editor in 0.00 ms.
Mono: successfully reloaded assembly
- Completed reload, in  0.750 seconds
Domain Reload Profiling:
	ReloadAssembly (750ms)
		BeginReloadAssembly (87ms)
			ExecutionOrderSort (0ms)
			DisableScriptedObjects (4ms)
			BackupInstance (0ms)
			ReleaseScriptingObjects (0ms)
			CreateAndSetChildDomain (25ms)
		EndReloadAssembly (611ms)
			LoadAssemblies (68ms)
			RebuildTransferFunctionScriptingTraits (0ms)
			SetupTypeCache (212ms)
			ReleaseScriptCaches (1ms)
			RebuildScriptCaches (31ms)
			SetupLoadedEditorAssemblies (223ms)
				LogAssemblyErrors (0ms)
				InitializePlatformSupportModulesInManaged (4ms)
				SetLoadedEditorAssemblies (0ms)
				RefreshPlugins (0ms)
				BeforeProcessingInitializeOnLoad (57ms)
				ProcessInitializeOnLoadAttributes (152ms)
				ProcessInitializeOnLoadMethodAttributes (4ms)
				AfterProcessingInitializeOnLoad (5ms)
				EditorAssembliesLoaded (0ms)
			ExecutionOrderSort2 (0ms)
			AwakeInstancesAfterBackupRestoration (5ms)
Platform modules already initialized, skipping
Refreshing native plugins compatible for Editor in 0.27 ms, found 2 plugins.
Preloading 0 native plugins for Editor in 0.00 ms.
Unloading 1394 Unused Serialized files (Serialized files now loaded: 0)
System memory in use before: 96.0 MB.
System memory in use after: 96.1 MB.

Unloading 11 unused Assets to reduce memory usage. Loaded Objects now: 1907.
Total: 2.221500 ms (FindLiveObjects: 0.117400 ms CreateObjectMapping: 0.033200 ms MarkObjects: 2.058400 ms  DeleteObjects: 0.012000 ms)

AssetImportParameters requested are different than current active one (requested -> active):
  custom:framework-win-MediaFoundation: 216162199b28c13a410421893ffa2e32 -> 
  custom:video-decoder-ogg-theora: a1e56fd34408186e4bbccfd4996cb3dc -> 
  custom:container-muxer-webm: aa71ff27fc2769a1b78a27578f13a17b -> 
  custom:container-demuxer-webm: 4f35f7cbe854078d1ac9338744f61a02 -> 
  custom:container-demuxer-ogg: 62fdf1f143b41e24485cea50d1cbac27 -> 
  custom:video-encoder-webm-vp8: eb34c28f22e8b96e1ab97ce403110664 -> 
  custom:video-decoder-webm-vp8: 9c59270c3fd7afecdb556c50c9e8de78 -> 
  custom:audio-decoder-ogg-vorbis: bf7c407c2cedff20999df2af8eb42d56 -> 
  custom:audio-encoder-webm-vorbis: bf7c407c2cedff20999df2af8eb42d56 -> 
AssetImportWorkerClient::OnTransportError - code=2 error=End of file
